[debug] [2022-11-14T03:21:21.161Z] ----------------------------------------------------------------------
[debug] [2022-11-14T03:21:21.163Z] Command:       C:\Program Files\nodejs\node.exe C:\Program Files\nodejs\node_modules\firebase-tools\lib\bin\firebase.js init
[debug] [2022-11-14T03:21:21.164Z] CLI Version:   11.16.0
[debug] [2022-11-14T03:21:21.164Z] Platform:      win32
[debug] [2022-11-14T03:21:21.164Z] Node Version:  v16.15.1
[debug] [2022-11-14T03:21:21.166Z] Time:          Mon Nov 14 2022 10:21:21 GMT+0700 (Indochina Time)
[debug] [2022-11-14T03:21:21.167Z] ----------------------------------------------------------------------
[debug] 
[debug] [2022-11-14T03:21:21.177Z] > command requires scopes: ["email","openid","https://www.googleapis.com/auth/cloudplatformprojects.readonly","https://www.googleapis.com/auth/firebase","https://www.googleapis.com/auth/cloud-platform"]
[debug] [2022-11-14T03:21:21.177Z] > authorizing via signed-in user (nguyenanhtuan1232@gmail.com)
[info] 
     ######## #### ########  ######## ########     ###     ######  ########
     ##        ##  ##     ## ##       ##     ##  ##   ##  ##       ##
     ######    ##  ########  ######   ########  #########  ######  ######
     ##        ##  ##    ##  ##       ##     ## ##     ##       ## ##
     ##       #### ##     ## ######## ########  ##     ##  ######  ########

You're about to initialize a Firebase project in this directory:

  C:\Users\tuanna01\Documents\project\ait-lucky-app

[info] 
=== Project Setup
[info] 
[info] First, let's associate this project directory with a Firebase project.
[info] You can create multiple project aliases by running firebase use --add, 
[info] but for now we'll just set up a default project.
[info] 
[debug] [2022-11-14T03:21:30.445Z] >>> [apiv2][query] GET https://firebase.googleapis.com/v1beta1/availableProjects pageSize=100
[debug] [2022-11-14T03:21:32.312Z] <<< [apiv2][status] GET https://firebase.googleapis.com/v1beta1/availableProjects 200
[debug] [2022-11-14T03:21:32.312Z] <<< [apiv2][body] GET https://firebase.googleapis.com/v1beta1/availableProjects [omitted]
[debug] [2022-11-14T03:21:42.180Z] ----------------------------------------------------------------------
[debug] [2022-11-14T03:21:42.182Z] Command:       C:\Program Files\nodejs\node.exe C:\Program Files\nodejs\node_modules\firebase-tools\lib\bin\firebase.js init
[debug] [2022-11-14T03:21:42.182Z] CLI Version:   11.16.0
[debug] [2022-11-14T03:21:42.182Z] Platform:      win32
[debug] [2022-11-14T03:21:42.182Z] Node Version:  v16.15.1
[debug] [2022-11-14T03:21:42.185Z] Time:          Mon Nov 14 2022 10:21:42 GMT+0700 (Indochina Time)
[debug] [2022-11-14T03:21:42.185Z] ----------------------------------------------------------------------
[debug] 
[debug] [2022-11-14T03:21:42.195Z] > command requires scopes: ["email","openid","https://www.googleapis.com/auth/cloudplatformprojects.readonly","https://www.googleapis.com/auth/firebase","https://www.googleapis.com/auth/cloud-platform"]
[debug] [2022-11-14T03:21:42.196Z] > authorizing via signed-in user (nguyenanhtuan1232@gmail.com)
[info] 
     ######## #### ########  ######## ########     ###     ######  ########
     ##        ##  ##     ## ##       ##     ##  ##   ##  ##       ##
     ######    ##  ########  ######   ########  #########  ######  ######
     ##        ##  ##    ##  ##       ##     ## ##     ##       ## ##
     ##       #### ##     ## ######## ########  ##     ##  ######  ########

You're about to initialize a Firebase project in this directory:

  C:\Users\tuanna01\Documents\project\ait-lucky-app

[info] 
=== Project Setup
[info] 
[info] First, let's associate this project directory with a Firebase project.
[info] You can create multiple project aliases by running firebase use --add, 
[info] but for now we'll just set up a default project.
[info] 
[debug] [2022-11-14T03:21:48.661Z] >>> [apiv2][query] GET https://firebase.googleapis.com/v1beta1/projects pageSize=100
[debug] [2022-11-14T03:21:50.017Z] <<< [apiv2][status] GET https://firebase.googleapis.com/v1beta1/projects 200
[debug] [2022-11-14T03:21:50.017Z] <<< [apiv2][body] GET https://firebase.googleapis.com/v1beta1/projects [omitted]
[info] i  Using project ait-lucky-app (ait-lucky-app) 
[info] 
=== Hosting Setup
[info] 
[info] Your public directory is the folder (relative to your project directory) that
[info] will contain Hosting assets to be uploaded with firebase deploy. If you
[info] have a build process for your assets, use your build's output directory.
[info] 
[debug] [2022-11-14T03:22:39.281Z] >>> [apiv2][query] GET https://www.gstatic.com/firebasejs/releases.json [none]
[debug] [2022-11-14T03:22:39.436Z] <<< [apiv2][status] GET https://www.gstatic.com/firebasejs/releases.json 200
[debug] [2022-11-14T03:22:39.437Z] <<< [apiv2][body] GET https://www.gstatic.com/firebasejs/releases.json {"current":{"version":"9.14.0","browserURL":"https://www.gstatic.com/firebasejs/9.14.0/firebase.js","packageURL":"https://www.gstatic.com/firebasejs/9.14.0/firebase.tgz"},"live":{"version":"9.14","browserURL":"https://www.gstatic.com/firebasejs/live/9.14/firebase.js","packageURL":"https://www.gstatic.com/firebasejs/live/9.14/firebase.tgz"},"components":{"analytics":"https://www.gstatic.com/firebasejs/9.14.0/firebase-analytics.js","app":"https://www.gstatic.com/firebasejs/9.14.0/firebase-app.js","app-check":"https://www.gstatic.com/firebasejs/9.14.0/firebase-app-check.js","auth":"https://www.gstatic.com/firebasejs/9.14.0/firebase-auth.js","auth/cordova":"https://www.gstatic.com/firebasejs/9.14.0/firebase-auth/cordova.js","auth/react-native":"https://www.gstatic.com/firebasejs/9.14.0/firebase-auth/react-native.js","functions":"https://www.gstatic.com/firebasejs/9.14.0/firebase-functions.js","firestore":"https://www.gstatic.com/firebasejs/9.14.0/firebase-firestore.js","firestore/lite":"https://www.gstatic.com/firebasejs/9.14.0/firebase-firestore/lite.js","installations":"https://www.gstatic.com/firebasejs/9.14.0/firebase-installations.js","storage":"https://www.gstatic.com/firebasejs/9.14.0/firebase-storage.js","performance":"https://www.gstatic.com/firebasejs/9.14.0/firebase-performance.js","remote-config":"https://www.gstatic.com/firebasejs/9.14.0/firebase-remote-config.js","messaging":"https://www.gstatic.com/firebasejs/9.14.0/firebase-messaging.js","messaging/sw":"https://www.gstatic.com/firebasejs/9.14.0/firebase-messaging/sw.js","database":"https://www.gstatic.com/firebasejs/9.14.0/firebase-database.js","firestore.memory":"https://www.gstatic.com/firebasejs/9.14.0/firebase-firestore.memory.js"}}
[info] +  Wrote public/index.html 
[info] 
[info] i  Detected a .git folder at C:\Users\tuanna01\Documents\project\ait-lucky-app 
[info] i  Authorizing with GitHub to upload your service account to a GitHub repository's secrets store. 
[info] 
[info] Visit this URL on this device to log in:
[info] https://github.com/login/oauth/authorize?client_id=89cf50f02ac6aaed3484&state=624555403&redirect_uri=http%3A%2F%2Flocalhost%3A9005&scope=read%3Auser%20repo%20public_repo
[info] 
[info] Waiting for authentication...
[debug] [2022-11-14T03:23:34.926Z] >>> [apiv2][query] POST https://github.com/login/oauth/access_token [none]
[debug] [2022-11-14T03:23:34.927Z] >>> [apiv2][body] POST https://github.com/login/oauth/access_token [stream]
[debug] [2022-11-14T03:23:35.362Z] <<< [apiv2][status] POST https://github.com/login/oauth/access_token 200
[debug] [2022-11-14T03:23:35.362Z] <<< [apiv2][body] POST https://github.com/login/oauth/access_token {"access_token":"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","token_type":"bearer","scope":"read:user,repo"}
[debug] [2022-11-14T03:23:35.411Z] >>> [apiv2][query] GET https://api.github.com/user [none]
[debug] [2022-11-14T03:23:35.886Z] <<< [apiv2][status] GET https://api.github.com/user 200
[debug] [2022-11-14T03:23:35.887Z] <<< [apiv2][body] GET https://api.github.com/user {"login":"ng-anhhtuann","id":77793919,"node_id":"MDQ6VXNlcjc3NzkzOTE5","avatar_url":"https://avatars.githubusercontent.com/u/77793919?v=4","gravatar_id":"","url":"https://api.github.com/users/ng-anhhtuann","html_url":"https://github.com/ng-anhhtuann","followers_url":"https://api.github.com/users/ng-anhhtuann/followers","following_url":"https://api.github.com/users/ng-anhhtuann/following{/other_user}","gists_url":"https://api.github.com/users/ng-anhhtuann/gists{/gist_id}","starred_url":"https://api.github.com/users/ng-anhhtuann/starred{/owner}{/repo}","subscriptions_url":"https://api.github.com/users/ng-anhhtuann/subscriptions","organizations_url":"https://api.github.com/users/ng-anhhtuann/orgs","repos_url":"https://api.github.com/users/ng-anhhtuann/repos","events_url":"https://api.github.com/users/ng-anhhtuann/events{/privacy}","received_events_url":"https://api.github.com/users/ng-anhhtuann/received_events","type":"User","site_admin":false,"name":"Nguyen Anh Tuan","company":"University of Science Ho Chi Minh ","blog":"www.spring.io","location":"VietNam","email":null,"hireable":null,"bio":"bio bio bio","twitter_username":"chienbinh_156","public_repos":10,"public_gists":0,"followers":3,"following":5,"created_at":"2021-01-21T15:08:55Z","updated_at":"2022-11-13T07:25:54Z","private_gists":0,"total_private_repos":2,"owned_private_repos":2,"disk_usage":24484,"collaborators":0,"two_factor_authentication":true,"plan":{"name":"free","space":976562499,"collaborators":0,"private_repos":10000}}
[info] 
[info] +  Success! Logged into GitHub as ng-anhhtuann 
[info] 
[debug] [2022-11-14T03:23:51.448Z] >>> [apiv2][query] GET https://api.github.com/repos/AureoleIT/ait-lucky-app/actions/secrets/public-key type=owner
[debug] [2022-11-14T03:23:51.816Z] <<< [apiv2][status] GET https://api.github.com/repos/AureoleIT/ait-lucky-app/actions/secrets/public-key 404
[debug] [2022-11-14T03:23:51.816Z] <<< [apiv2][body] GET https://api.github.com/repos/AureoleIT/ait-lucky-app/actions/secrets/public-key {"message":"Not Found","documentation_url":"https://docs.github.com/rest/reference/actions#get-a-repository-public-key"}
[debug] [2022-11-14T03:23:52.208Z] >>> [apiv2][query] GET https://api.github.com/repos/AureoleIT/ait-lucky-app/actions/secrets/public-key type=owner
[debug] [2022-11-14T03:23:52.582Z] <<< [apiv2][status] GET https://api.github.com/repos/AureoleIT/ait-lucky-app/actions/secrets/public-key 404
[debug] [2022-11-14T03:23:52.582Z] <<< [apiv2][body] GET https://api.github.com/repos/AureoleIT/ait-lucky-app/actions/secrets/public-key {"message":"Not Found","documentation_url":"https://docs.github.com/rest/reference/actions#get-a-repository-public-key"}
[debug] [2022-11-14T03:23:52.721Z] >>> [apiv2][query] GET https://api.github.com/repos/AureoleIT/ait-lucky-app/actions/secrets/public-key type=owner
[debug] [2022-11-14T03:23:52.753Z] >>> [apiv2][query] GET https://api.github.com/repos//actions/secrets/public-key type=owner
[debug] [2022-11-14T03:23:52.784Z] >>> [apiv2][query] GET https://api.github.com/repos//actions/secrets/public-key type=owner
[debug] [2022-11-14T03:23:52.815Z] >>> [apiv2][query] GET https://api.github.com/repos//actions/secrets/public-key type=owner
[debug] [2022-11-14T03:23:52.847Z] >>> [apiv2][query] GET https://api.github.com/repos//actions/secrets/public-key type=owner
[debug] [2022-11-14T03:23:52.879Z] >>> [apiv2][query] GET https://api.github.com/repos//actions/secrets/public-key type=owner
[debug] [2022-11-14T03:23:52.909Z] >>> [apiv2][query] GET https://api.github.com/repos//actions/secrets/public-key type=owner
[debug] [2022-11-14T03:23:52.940Z] >>> [apiv2][query] GET https://api.github.com/repos//actions/secrets/public-key type=owner
[debug] [2022-11-14T03:23:52.987Z] >>> [apiv2][query] GET https://api.github.com/repos//actions/secrets/public-key type=owner
[debug] [2022-11-14T03:23:53.018Z] >>> [apiv2][query] GET https://api.github.com/repos//actions/secrets/public-key type=owner
[debug] [2022-11-14T03:23:53.049Z] >>> [apiv2][query] GET https://api.github.com/repos//actions/secrets/public-key type=owner
[debug] [2022-11-14T03:23:53.080Z] >>> [apiv2][query] GET https://api.github.com/repos//actions/secrets/public-key type=owner
[debug] [2022-11-14T03:23:53.103Z] <<< [apiv2][status] GET https://api.github.com/repos/AureoleIT/ait-lucky-app/actions/secrets/public-key 404
[debug] [2022-11-14T03:23:53.103Z] <<< [apiv2][body] GET https://api.github.com/repos/AureoleIT/ait-lucky-app/actions/secrets/public-key {"message":"Not Found","documentation_url":"https://docs.github.com/rest/reference/actions#get-a-repository-public-key"}
[debug] [2022-11-14T03:23:53.107Z] <<< [apiv2][status] GET https://api.github.com/repos//actions/secrets/public-key 404
[debug] [2022-11-14T03:23:53.107Z] <<< [apiv2][body] GET https://api.github.com/repos//actions/secrets/public-key {"message":"Not Found","documentation_url":"https://docs.github.com/rest"}
[debug] [2022-11-14T03:23:53.114Z] >>> [apiv2][query] GET https://api.github.com/repos/AureoleIT/ait-lucky-app/actions/secrets/public-key type=owner
[debug] [2022-11-14T03:23:53.139Z] <<< [apiv2][status] GET https://api.github.com/repos//actions/secrets/public-key 404
[debug] [2022-11-14T03:23:53.139Z] <<< [apiv2][body] GET https://api.github.com/repos//actions/secrets/public-key {"message":"Not Found","documentation_url":"https://docs.github.com/rest"}
[debug] [2022-11-14T03:23:53.140Z] >>> [apiv2][query] GET https://api.github.com/repos//actions/secrets/public-key type=owner
[debug] [2022-11-14T03:23:53.173Z] >>> [apiv2][query] GET https://api.github.com/repos//actions/secrets/public-key type=owner
[debug] [2022-11-14T03:23:53.175Z] <<< [apiv2][status] GET https://api.github.com/repos//actions/secrets/public-key 404
[debug] [2022-11-14T03:23:53.175Z] <<< [apiv2][body] GET https://api.github.com/repos//actions/secrets/public-key {"message":"Not Found","documentation_url":"https://docs.github.com/rest"}
[debug] [2022-11-14T03:23:53.197Z] <<< [apiv2][status] GET https://api.github.com/repos//actions/secrets/public-key 404
[debug] [2022-11-14T03:23:53.197Z] <<< [apiv2][body] GET https://api.github.com/repos//actions/secrets/public-key {"message":"Not Found","documentation_url":"https://docs.github.com/rest"}
[debug] [2022-11-14T03:23:53.203Z] >>> [apiv2][query] GET https://api.github.com/repos//actions/secrets/public-key type=owner
[debug] [2022-11-14T03:23:53.241Z] <<< [apiv2][status] GET https://api.github.com/repos//actions/secrets/public-key 404
[debug] [2022-11-14T03:23:53.241Z] <<< [apiv2][body] GET https://api.github.com/repos//actions/secrets/public-key {"message":"Not Found","documentation_url":"https://docs.github.com/rest"}
[debug] [2022-11-14T03:23:53.251Z] >>> [apiv2][query] GET https://api.github.com/repos//actions/secrets/public-key type=owner
[debug] [2022-11-14T03:23:53.256Z] <<< [apiv2][status] GET https://api.github.com/repos//actions/secrets/public-key 404
[debug] [2022-11-14T03:23:53.257Z] <<< [apiv2][body] GET https://api.github.com/repos//actions/secrets/public-key {"message":"Not Found","documentation_url":"https://docs.github.com/rest"}
[debug] [2022-11-14T03:23:53.285Z] >>> [apiv2][query] GET https://api.github.com/repos//actions/secrets/public-key type=owner
[debug] [2022-11-14T03:23:53.293Z] <<< [apiv2][status] GET https://api.github.com/repos//actions/secrets/public-key 404
[debug] [2022-11-14T03:23:53.293Z] <<< [apiv2][body] GET https://api.github.com/repos//actions/secrets/public-key {"message":"Not Found","documentation_url":"https://docs.github.com/rest"}
[debug] [2022-11-14T03:23:53.318Z] >>> [apiv2][query] GET https://api.github.com/repos//actions/secrets/public-key type=owner
[debug] [2022-11-14T03:23:53.348Z] <<< [apiv2][status] GET https://api.github.com/repos//actions/secrets/public-key 404
[debug] [2022-11-14T03:23:53.348Z] <<< [apiv2][body] GET https://api.github.com/repos//actions/secrets/public-key {"message":"Not Found","documentation_url":"https://docs.github.com/rest"}
[debug] [2022-11-14T03:23:53.368Z] <<< [apiv2][status] GET https://api.github.com/repos//actions/secrets/public-key 404
[debug] [2022-11-14T03:23:53.368Z] <<< [apiv2][body] GET https://api.github.com/repos//actions/secrets/public-key {"message":"Not Found","documentation_url":"https://docs.github.com/rest"}
[debug] [2022-11-14T03:23:53.396Z] <<< [apiv2][status] GET https://api.github.com/repos//actions/secrets/public-key 404
[debug] [2022-11-14T03:23:53.396Z] <<< [apiv2][body] GET https://api.github.com/repos//actions/secrets/public-key {"message":"Not Found","documentation_url":"https://docs.github.com/rest"}
[debug] [2022-11-14T03:23:53.437Z] <<< [apiv2][status] GET https://api.github.com/repos//actions/secrets/public-key 404
[debug] [2022-11-14T03:23:53.437Z] <<< [apiv2][body] GET https://api.github.com/repos//actions/secrets/public-key {"message":"Not Found","documentation_url":"https://docs.github.com/rest"}
[debug] [2022-11-14T03:23:53.484Z] <<< [apiv2][status] GET https://api.github.com/repos/AureoleIT/ait-lucky-app/actions/secrets/public-key 404
[debug] [2022-11-14T03:23:53.484Z] <<< [apiv2][body] GET https://api.github.com/repos/AureoleIT/ait-lucky-app/actions/secrets/public-key {"message":"Not Found","documentation_url":"https://docs.github.com/rest/reference/actions#get-a-repository-public-key"}
[debug] [2022-11-14T03:23:53.499Z] <<< [apiv2][status] GET https://api.github.com/repos//actions/secrets/public-key 404
[debug] [2022-11-14T03:23:53.499Z] <<< [apiv2][body] GET https://api.github.com/repos//actions/secrets/public-key {"message":"Not Found","documentation_url":"https://docs.github.com/rest"}
[debug] [2022-11-14T03:23:53.522Z] <<< [apiv2][status] GET https://api.github.com/repos//actions/secrets/public-key 404
[debug] [2022-11-14T03:23:53.522Z] <<< [apiv2][body] GET https://api.github.com/repos//actions/secrets/public-key {"message":"Not Found","documentation_url":"https://docs.github.com/rest"}
[debug] [2022-11-14T03:23:53.544Z] >>> [apiv2][query] GET https://api.github.com/repos/AureoleIT/ait-lucky-app/actions/secrets/public-key type=owner
[debug] [2022-11-14T03:23:53.555Z] <<< [apiv2][status] GET https://api.github.com/repos//actions/secrets/public-key 404
[debug] [2022-11-14T03:23:53.555Z] <<< [apiv2][body] GET https://api.github.com/repos//actions/secrets/public-key {"message":"Not Found","documentation_url":"https://docs.github.com/rest"}
[debug] [2022-11-14T03:23:53.600Z] <<< [apiv2][status] GET https://api.github.com/repos//actions/secrets/public-key 404
[debug] [2022-11-14T03:23:53.600Z] <<< [apiv2][body] GET https://api.github.com/repos//actions/secrets/public-key {"message":"Not Found","documentation_url":"https://docs.github.com/rest"}
[debug] [2022-11-14T03:23:53.638Z] <<< [apiv2][status] GET https://api.github.com/repos//actions/secrets/public-key 404
[debug] [2022-11-14T03:23:53.639Z] <<< [apiv2][body] GET https://api.github.com/repos//actions/secrets/public-key {"message":"Not Found","documentation_url":"https://docs.github.com/rest"}
[debug] [2022-11-14T03:23:53.662Z] <<< [apiv2][status] GET https://api.github.com/repos//actions/secrets/public-key 404
[debug] [2022-11-14T03:23:53.662Z] <<< [apiv2][body] GET https://api.github.com/repos//actions/secrets/public-key {"message":"Not Found","documentation_url":"https://docs.github.com/rest"}
[debug] [2022-11-14T03:23:53.902Z] <<< [apiv2][status] GET https://api.github.com/repos/AureoleIT/ait-lucky-app/actions/secrets/public-key 404
[debug] [2022-11-14T03:23:53.902Z] <<< [apiv2][body] GET https://api.github.com/repos/AureoleIT/ait-lucky-app/actions/secrets/public-key {"message":"Not Found","documentation_url":"https://docs.github.com/rest/reference/actions#get-a-repository-public-key"}
[debug] [2022-11-14T03:23:54.046Z] >>> [apiv2][query] GET https://api.github.com/repos/AureoleIT/ait-lucky-app/actions/secrets/public-key type=owner
[debug] [2022-11-14T03:23:54.077Z] >>> [apiv2][query] GET https://api.github.com/repos//actions/secrets/public-key type=owner
[debug] [2022-11-14T03:23:54.109Z] >>> [apiv2][query] GET https://api.github.com/repos//actions/secrets/public-key type=owner
[debug] [2022-11-14T03:23:54.155Z] >>> [apiv2][query] GET https://api.github.com/repos//actions/secrets/public-key type=owner
[debug] [2022-11-14T03:23:54.187Z] >>> [apiv2][query] GET https://api.github.com/repos//actions/secrets/public-key type=owner
[debug] [2022-11-14T03:23:54.218Z] >>> [apiv2][query] GET https://api.github.com/repos//actions/secrets/public-key type=owner
[debug] [2022-11-14T03:23:54.250Z] >>> [apiv2][query] GET https://api.github.com/repos//actions/secrets/public-key type=owner
[debug] [2022-11-14T03:23:54.283Z] >>> [apiv2][query] GET https://api.github.com/repos//actions/secrets/public-key type=owner
[debug] [2022-11-14T03:23:54.312Z] >>> [apiv2][query] GET https://api.github.com/repos//actions/secrets/public-key type=owner
[debug] [2022-11-14T03:23:54.344Z] >>> [apiv2][query] GET https://api.github.com/repos//actions/secrets/public-key type=owner
[debug] [2022-11-14T03:23:54.373Z] >>> [apiv2][query] GET https://api.github.com/repos//actions/secrets/public-key type=owner
[debug] [2022-11-14T03:23:54.421Z] >>> [apiv2][query] GET https://api.github.com/repos//actions/secrets/public-key type=owner
[debug] [2022-11-14T03:23:54.427Z] <<< [apiv2][status] GET https://api.github.com/repos/AureoleIT/ait-lucky-app/actions/secrets/public-key 404
[debug] [2022-11-14T03:23:54.427Z] <<< [apiv2][body] GET https://api.github.com/repos/AureoleIT/ait-lucky-app/actions/secrets/public-key {"message":"Not Found","documentation_url":"https://docs.github.com/rest/reference/actions#get-a-repository-public-key"}
[debug] [2022-11-14T03:23:54.432Z] <<< [apiv2][status] GET https://api.github.com/repos//actions/secrets/public-key 404
[debug] [2022-11-14T03:23:54.433Z] <<< [apiv2][body] GET https://api.github.com/repos//actions/secrets/public-key {"message":"Not Found","documentation_url":"https://docs.github.com/rest"}
[debug] [2022-11-14T03:23:54.452Z] >>> [apiv2][query] GET https://api.github.com/repos/AureoleIT/ait-lucky-app/actions/secrets/public-key type=owner
[debug] [2022-11-14T03:23:54.468Z] <<< [apiv2][status] GET https://api.github.com/repos//actions/secrets/public-key 404
[debug] [2022-11-14T03:23:54.468Z] <<< [apiv2][body] GET https://api.github.com/repos//actions/secrets/public-key {"message":"Not Found","documentation_url":"https://docs.github.com/rest"}
[debug] [2022-11-14T03:23:54.484Z] >>> [apiv2][query] GET https://api.github.com/repos//actions/secrets/public-key type=owner
[debug] [2022-11-14T03:23:54.495Z] <<< [apiv2][status] GET https://api.github.com/repos//actions/secrets/public-key 404
[debug] [2022-11-14T03:23:54.495Z] <<< [apiv2][body] GET https://api.github.com/repos//actions/secrets/public-key {"message":"Not Found","documentation_url":"https://docs.github.com/rest"}
[debug] [2022-11-14T03:23:54.515Z] >>> [apiv2][query] GET https://api.github.com/repos//actions/secrets/public-key type=owner
[debug] [2022-11-14T03:23:54.528Z] <<< [apiv2][status] GET https://api.github.com/repos//actions/secrets/public-key 404
[debug] [2022-11-14T03:23:54.529Z] <<< [apiv2][body] GET https://api.github.com/repos//actions/secrets/public-key {"message":"Not Found","documentation_url":"https://docs.github.com/rest"}
[debug] [2022-11-14T03:23:54.549Z] >>> [apiv2][query] GET https://api.github.com/repos//actions/secrets/public-key type=owner
[debug] [2022-11-14T03:23:54.565Z] <<< [apiv2][status] GET https://api.github.com/repos//actions/secrets/public-key 404
[debug] [2022-11-14T03:23:54.566Z] <<< [apiv2][body] GET https://api.github.com/repos//actions/secrets/public-key {"message":"Not Found","documentation_url":"https://docs.github.com/rest"}
[debug] [2022-11-14T03:23:54.577Z] >>> [apiv2][query] GET https://api.github.com/repos//actions/secrets/public-key type=owner
[debug] [2022-11-14T03:23:54.606Z] <<< [apiv2][status] GET https://api.github.com/repos//actions/secrets/public-key 404
[debug] [2022-11-14T03:23:54.606Z] <<< [apiv2][body] GET https://api.github.com/repos//actions/secrets/public-key {"message":"Not Found","documentation_url":"https://docs.github.com/rest"}
[debug] [2022-11-14T03:23:54.610Z] >>> [apiv2][query] GET https://api.github.com/repos//actions/secrets/public-key type=owner
[debug] [2022-11-14T03:23:54.640Z] >>> [apiv2][query] GET https://api.github.com/repos//actions/secrets/public-key type=owner
[debug] [2022-11-14T03:23:54.672Z] >>> [apiv2][query] GET https://api.github.com/repos//actions/secrets/public-key type=owner
[debug] [2022-11-14T03:23:54.705Z] >>> [apiv2][query] GET https://api.github.com/repos//actions/secrets/public-key type=owner
[debug] [2022-11-14T03:23:54.707Z] <<< [apiv2][status] GET https://api.github.com/repos//actions/secrets/public-key 404
[debug] [2022-11-14T03:23:54.707Z] <<< [apiv2][body] GET https://api.github.com/repos//actions/secrets/public-key {"message":"Not Found","documentation_url":"https://docs.github.com/rest"}
[debug] [2022-11-14T03:23:54.749Z] >>> [apiv2][query] GET https://api.github.com/repos//actions/secrets/public-key type=owner
[debug] [2022-11-14T03:23:54.765Z] <<< [apiv2][status] GET https://api.github.com/repos//actions/secrets/public-key 404
[debug] [2022-11-14T03:23:54.765Z] <<< [apiv2][body] GET https://api.github.com/repos//actions/secrets/public-key {"message":"Not Found","documentation_url":"https://docs.github.com/rest"}
[debug] [2022-11-14T03:23:54.783Z] >>> [apiv2][query] GET https://api.github.com/repos//actions/secrets/public-key type=owner
[debug] [2022-11-14T03:23:54.814Z] >>> [apiv2][query] GET https://api.github.com/repos//actions/secrets/public-key type=owner
[debug] [2022-11-14T03:23:54.828Z] <<< [apiv2][status] GET https://api.github.com/repos/AureoleIT/ait-lucky-app/actions/secrets/public-key 404
[debug] [2022-11-14T03:23:54.828Z] <<< [apiv2][body] GET https://api.github.com/repos/AureoleIT/ait-lucky-app/actions/secrets/public-key {"message":"Not Found","documentation_url":"https://docs.github.com/rest/reference/actions#get-a-repository-public-key"}
[debug] [2022-11-14T03:23:54.834Z] <<< [apiv2][status] GET https://api.github.com/repos//actions/secrets/public-key 404
[debug] [2022-11-14T03:23:54.834Z] <<< [apiv2][body] GET https://api.github.com/repos//actions/secrets/public-key {"message":"Not Found","documentation_url":"https://docs.github.com/rest"}
[debug] [2022-11-14T03:23:54.842Z] >>> [apiv2][query] GET https://api.github.com/repos/AureoleIT/ait-lucky-app/actions/secrets/public-key type=owner
[debug] [2022-11-14T03:23:54.865Z] <<< [apiv2][status] GET https://api.github.com/repos//actions/secrets/public-key 404
[debug] [2022-11-14T03:23:54.865Z] <<< [apiv2][body] GET https://api.github.com/repos//actions/secrets/public-key {"message":"Not Found","documentation_url":"https://docs.github.com/rest"}
[debug] [2022-11-14T03:23:54.875Z] >>> [apiv2][query] GET https://api.github.com/repos//actions/secrets/public-key type=owner
[debug] [2022-11-14T03:23:54.881Z] <<< [apiv2][status] GET https://api.github.com/repos//actions/secrets/public-key 404
[debug] [2022-11-14T03:23:54.881Z] <<< [apiv2][body] GET https://api.github.com/repos//actions/secrets/public-key {"message":"Not Found","documentation_url":"https://docs.github.com/rest"}
[debug] [2022-11-14T03:23:54.902Z] <<< [apiv2][status] GET https://api.github.com/repos//actions/secrets/public-key 404
[debug] [2022-11-14T03:23:54.902Z] <<< [apiv2][body] GET https://api.github.com/repos//actions/secrets/public-key {"message":"Not Found","documentation_url":"https://docs.github.com/rest"}
[debug] [2022-11-14T03:23:54.904Z] >>> [apiv2][query] GET https://api.github.com/repos//actions/secrets/public-key type=owner
[debug] [2022-11-14T03:23:54.930Z] <<< [apiv2][status] GET https://api.github.com/repos//actions/secrets/public-key 404
[debug] [2022-11-14T03:23:54.930Z] <<< [apiv2][body] GET https://api.github.com/repos//actions/secrets/public-key {"message":"Not Found","documentation_url":"https://docs.github.com/rest"}
[debug] [2022-11-14T03:23:54.935Z] >>> [apiv2][query] GET https://api.github.com/repos//actions/secrets/public-key type=owner
[debug] [2022-11-14T03:23:54.963Z] <<< [apiv2][status] GET https://api.github.com/repos//actions/secrets/public-key 404
[debug] [2022-11-14T03:23:54.963Z] <<< [apiv2][body] GET https://api.github.com/repos//actions/secrets/public-key {"message":"Not Found","documentation_url":"https://docs.github.com/rest"}
[debug] [2022-11-14T03:23:54.967Z] >>> [apiv2][query] GET https://api.github.com/repos//actions/secrets/public-key type=owner
[debug] [2022-11-14T03:23:55.016Z] >>> [apiv2][query] GET https://api.github.com/repos//actions/secrets/public-key type=owner
[debug] [2022-11-14T03:23:55.047Z] >>> [apiv2][query] GET https://api.github.com/repos//actions/secrets/public-key type=owner
[debug] [2022-11-14T03:23:55.054Z] <<< [apiv2][status] GET https://api.github.com/repos//actions/secrets/public-key 404
[debug] [2022-11-14T03:23:55.055Z] <<< [apiv2][body] GET https://api.github.com/repos//actions/secrets/public-key {"message":"Not Found","documentation_url":"https://docs.github.com/rest"}
[debug] [2022-11-14T03:23:55.079Z] >>> [apiv2][query] GET https://api.github.com/repos//actions/secrets/public-key type=owner
[debug] [2022-11-14T03:23:55.106Z] <<< [apiv2][status] GET https://api.github.com/repos//actions/secrets/public-key 404
[debug] [2022-11-14T03:23:55.106Z] <<< [apiv2][body] GET https://api.github.com/repos//actions/secrets/public-key {"message":"Not Found","documentation_url":"https://docs.github.com/rest"}
[debug] [2022-11-14T03:23:55.108Z] >>> [apiv2][query] GET https://api.github.com/repos//actions/secrets/public-key type=owner
[debug] [2022-11-14T03:23:55.137Z] <<< [apiv2][status] GET https://api.github.com/repos//actions/secrets/public-key 404
[debug] [2022-11-14T03:23:55.137Z] <<< [apiv2][body] GET https://api.github.com/repos//actions/secrets/public-key {"message":"Not Found","documentation_url":"https://docs.github.com/rest"}
[debug] [2022-11-14T03:23:55.138Z] >>> [apiv2][query] GET https://api.github.com/repos//actions/secrets/public-key type=owner
[debug] [2022-11-14T03:23:55.163Z] <<< [apiv2][status] GET https://api.github.com/repos//actions/secrets/public-key 404
[debug] [2022-11-14T03:23:55.163Z] <<< [apiv2][body] GET https://api.github.com/repos//actions/secrets/public-key {"message":"Not Found","documentation_url":"https://docs.github.com/rest"}
[debug] [2022-11-14T03:23:55.169Z] >>> [apiv2][query] GET https://api.github.com/repos//actions/secrets/public-key type=owner
[debug] [2022-11-14T03:23:55.201Z] >>> [apiv2][query] GET https://api.github.com/repos//actions/secrets/public-key type=owner
[debug] [2022-11-14T03:23:55.232Z] >>> [apiv2][query] GET https://api.github.com/repos//actions/secrets/public-key type=owner
[debug] [2022-11-14T03:23:55.243Z] <<< [apiv2][status] GET https://api.github.com/repos//actions/secrets/public-key 404
[debug] [2022-11-14T03:23:55.243Z] <<< [apiv2][body] GET https://api.github.com/repos//actions/secrets/public-key {"message":"Not Found","documentation_url":"https://docs.github.com/rest"}
[debug] [2022-11-14T03:23:55.263Z] <<< [apiv2][status] GET https://api.github.com/repos//actions/secrets/public-key 404
[debug] [2022-11-14T03:23:55.263Z] <<< [apiv2][body] GET https://api.github.com/repos//actions/secrets/public-key {"message":"Not Found","documentation_url":"https://docs.github.com/rest"}
[debug] [2022-11-14T03:23:55.274Z] <<< [apiv2][status] GET https://api.github.com/repos//actions/secrets/public-key 404
[debug] [2022-11-14T03:23:55.274Z] <<< [apiv2][body] GET https://api.github.com/repos//actions/secrets/public-key {"message":"Not Found","documentation_url":"https://docs.github.com/rest"}
[debug] [2022-11-14T03:23:55.279Z] >>> [apiv2][query] GET https://api.github.com/repos//actions/secrets/public-key type=owner
[debug] [2022-11-14T03:23:55.308Z] >>> [apiv2][query] GET https://api.github.com/repos//actions/secrets/public-key type=owner
[debug] [2022-11-14T03:23:55.312Z] <<< [apiv2][status] GET https://api.github.com/repos//actions/secrets/public-key 404
[debug] [2022-11-14T03:23:55.312Z] <<< [apiv2][body] GET https://api.github.com/repos//actions/secrets/public-key {"message":"Not Found","documentation_url":"https://docs.github.com/rest"}
[debug] [2022-11-14T03:23:55.340Z] >>> [apiv2][query] GET https://api.github.com/repos//actions/secrets/public-key type=owner
[debug] [2022-11-14T03:23:55.368Z] <<< [apiv2][status] GET https://api.github.com/repos//actions/secrets/public-key 404
[debug] [2022-11-14T03:23:55.368Z] <<< [apiv2][body] GET https://api.github.com/repos//actions/secrets/public-key {"message":"Not Found","documentation_url":"https://docs.github.com/rest"}
[debug] [2022-11-14T03:23:55.371Z] >>> [apiv2][query] GET https://api.github.com/repos//actions/secrets/public-key type=owner
[debug] [2022-11-14T03:23:55.390Z] <<< [apiv2][status] GET https://api.github.com/repos//actions/secrets/public-key 404
[debug] [2022-11-14T03:23:55.391Z] <<< [apiv2][body] GET https://api.github.com/repos//actions/secrets/public-key {"message":"Not Found","documentation_url":"https://docs.github.com/rest"}
[debug] [2022-11-14T03:23:55.401Z] >>> [apiv2][query] GET https://api.github.com/repos//actions/secrets/public-key type=owner
[debug] [2022-11-14T03:23:55.433Z] >>> [apiv2][query] GET https://api.github.com/repos//actions/secrets/public-key type=owner
[debug] [2022-11-14T03:23:55.441Z] <<< [apiv2][status] GET https://api.github.com/repos//actions/secrets/public-key 404
[debug] [2022-11-14T03:23:55.441Z] <<< [apiv2][body] GET https://api.github.com/repos//actions/secrets/public-key {"message":"Not Found","documentation_url":"https://docs.github.com/rest"}
[debug] [2022-11-14T03:23:55.454Z] <<< [apiv2][status] GET https://api.github.com/repos//actions/secrets/public-key 404
[debug] [2022-11-14T03:23:55.454Z] <<< [apiv2][body] GET https://api.github.com/repos//actions/secrets/public-key {"message":"Not Found","documentation_url":"https://docs.github.com/rest"}
[debug] [2022-11-14T03:23:55.466Z] >>> [apiv2][query] GET https://api.github.com/repos//actions/secrets/public-key type=owner
[debug] [2022-11-14T03:23:55.468Z] <<< [apiv2][status] GET https://api.github.com/repos//actions/secrets/public-key 404
[debug] [2022-11-14T03:23:55.468Z] <<< [apiv2][body] GET https://api.github.com/repos//actions/secrets/public-key {"message":"Not Found","documentation_url":"https://docs.github.com/rest"}
[debug] [2022-11-14T03:23:55.495Z] >>> [apiv2][query] GET https://api.github.com/repos//actions/secrets/public-key type=owner
[debug] [2022-11-14T03:23:55.502Z] <<< [apiv2][status] GET https://api.github.com/repos//actions/secrets/public-key 404
[debug] [2022-11-14T03:23:55.502Z] <<< [apiv2][body] GET https://api.github.com/repos//actions/secrets/public-key {"message":"Not Found","documentation_url":"https://docs.github.com/rest"}
[debug] [2022-11-14T03:23:55.514Z] <<< [apiv2][status] GET https://api.github.com/repos//actions/secrets/public-key 404
[debug] [2022-11-14T03:23:55.514Z] <<< [apiv2][body] GET https://api.github.com/repos//actions/secrets/public-key {"message":"Not Found","documentation_url":"https://docs.github.com/rest"}
[debug] [2022-11-14T03:23:55.541Z] >>> [apiv2][query] GET https://api.github.com/repos//actions/secrets/public-key type=owner
[debug] [2022-11-14T03:23:55.547Z] <<< [apiv2][status] GET https://api.github.com/repos//actions/secrets/public-key 404
[debug] [2022-11-14T03:23:55.547Z] <<< [apiv2][body] GET https://api.github.com/repos//actions/secrets/public-key {"message":"Not Found","documentation_url":"https://docs.github.com/rest"}
[debug] [2022-11-14T03:23:55.572Z] >>> [apiv2][query] GET https://api.github.com/repos//actions/secrets/public-key type=owner
[debug] [2022-11-14T03:23:55.574Z] <<< [apiv2][status] GET https://api.github.com/repos//actions/secrets/public-key 404
[debug] [2022-11-14T03:23:55.574Z] <<< [apiv2][body] GET https://api.github.com/repos//actions/secrets/public-key {"message":"Not Found","documentation_url":"https://docs.github.com/rest"}
[debug] [2022-11-14T03:23:55.603Z] >>> [apiv2][query] GET https://api.github.com/repos//actions/secrets/public-key type=owner
[debug] [2022-11-14T03:23:55.634Z] >>> [apiv2][query] GET https://api.github.com/repos//actions/secrets/public-key type=owner
[debug] [2022-11-14T03:23:55.638Z] <<< [apiv2][status] GET https://api.github.com/repos//actions/secrets/public-key 404
[debug] [2022-11-14T03:23:55.638Z] <<< [apiv2][body] GET https://api.github.com/repos//actions/secrets/public-key {"message":"Not Found","documentation_url":"https://docs.github.com/rest"}
[debug] [2022-11-14T03:23:55.650Z] <<< [apiv2][status] GET https://api.github.com/repos//actions/secrets/public-key 404
[debug] [2022-11-14T03:23:55.650Z] <<< [apiv2][body] GET https://api.github.com/repos//actions/secrets/public-key {"message":"Not Found","documentation_url":"https://docs.github.com/rest"}
[debug] [2022-11-14T03:23:55.667Z] >>> [apiv2][query] GET https://api.github.com/repos//actions/secrets/public-key type=owner
[debug] [2022-11-14T03:23:55.757Z] <<< [apiv2][status] GET https://api.github.com/repos//actions/secrets/public-key 404
[debug] [2022-11-14T03:23:55.757Z] <<< [apiv2][body] GET https://api.github.com/repos//actions/secrets/public-key {"message":"Not Found","documentation_url":"https://docs.github.com/rest"}
[debug] [2022-11-14T03:23:55.783Z] <<< [apiv2][status] GET https://api.github.com/repos//actions/secrets/public-key 404
[debug] [2022-11-14T03:23:55.783Z] <<< [apiv2][body] GET https://api.github.com/repos//actions/secrets/public-key {"message":"Not Found","documentation_url":"https://docs.github.com/rest"}
[debug] [2022-11-14T03:23:55.821Z] <<< [apiv2][status] GET https://api.github.com/repos//actions/secrets/public-key 404
[debug] [2022-11-14T03:23:55.822Z] <<< [apiv2][body] GET https://api.github.com/repos//actions/secrets/public-key {"message":"Not Found","documentation_url":"https://docs.github.com/rest"}
[debug] [2022-11-14T03:23:55.837Z] <<< [apiv2][status] GET https://api.github.com/repos//actions/secrets/public-key 404
[debug] [2022-11-14T03:23:55.838Z] <<< [apiv2][body] GET https://api.github.com/repos//actions/secrets/public-key {"message":"Not Found","documentation_url":"https://docs.github.com/rest"}
[debug] [2022-11-14T03:23:55.850Z] <<< [apiv2][status] GET https://api.github.com/repos//actions/secrets/public-key 404
[debug] [2022-11-14T03:23:55.851Z] <<< [apiv2][body] GET https://api.github.com/repos//actions/secrets/public-key {"message":"Not Found","documentation_url":"https://docs.github.com/rest"}
[debug] [2022-11-14T03:23:55.888Z] <<< [apiv2][status] GET https://api.github.com/repos//actions/secrets/public-key 404
[debug] [2022-11-14T03:23:55.888Z] <<< [apiv2][body] GET https://api.github.com/repos//actions/secrets/public-key {"message":"Not Found","documentation_url":"https://docs.github.com/rest"}
[debug] [2022-11-14T03:23:55.908Z] <<< [apiv2][status] GET https://api.github.com/repos/AureoleIT/ait-lucky-app/actions/secrets/public-key 404
[debug] [2022-11-14T03:23:55.908Z] <<< [apiv2][body] GET https://api.github.com/repos/AureoleIT/ait-lucky-app/actions/secrets/public-key {"message":"Not Found","documentation_url":"https://docs.github.com/rest/reference/actions#get-a-repository-public-key"}
[debug] [2022-11-14T03:23:55.923Z] <<< [apiv2][status] GET https://api.github.com/repos//actions/secrets/public-key 404
[debug] [2022-11-14T03:23:55.923Z] <<< [apiv2][body] GET https://api.github.com/repos//actions/secrets/public-key {"message":"Not Found","documentation_url":"https://docs.github.com/rest"}
[debug] [2022-11-14T03:23:55.932Z] <<< [apiv2][status] GET https://api.github.com/repos//actions/secrets/public-key 404
[debug] [2022-11-14T03:23:55.932Z] <<< [apiv2][body] GET https://api.github.com/repos//actions/secrets/public-key {"message":"Not Found","documentation_url":"https://docs.github.com/rest"}
[debug] [2022-11-14T03:23:56.325Z] <<< [apiv2][status] GET https://api.github.com/repos//actions/secrets/public-key 404
[debug] [2022-11-14T03:23:56.325Z] <<< [apiv2][body] GET https://api.github.com/repos//actions/secrets/public-key {"message":"Not Found","documentation_url":"https://docs.github.com/rest"}
[debug] [2022-11-14T03:23:56.440Z] <<< [apiv2][status] GET https://api.github.com/repos//actions/secrets/public-key 404
[debug] [2022-11-14T03:23:56.440Z] <<< [apiv2][body] GET https://api.github.com/repos//actions/secrets/public-key {"message":"Not Found","documentation_url":"https://docs.github.com/rest"}
[debug] [2022-11-14T03:23:56.447Z] <<< [apiv2][status] GET https://api.github.com/repos//actions/secrets/public-key 404
[debug] [2022-11-14T03:23:56.447Z] <<< [apiv2][body] GET https://api.github.com/repos//actions/secrets/public-key {"message":"Not Found","documentation_url":"https://docs.github.com/rest"}
[debug] [2022-11-14T03:23:56.451Z] <<< [apiv2][status] GET https://api.github.com/repos//actions/secrets/public-key 404
[debug] [2022-11-14T03:23:56.451Z] <<< [apiv2][body] GET https://api.github.com/repos//actions/secrets/public-key {"message":"Not Found","documentation_url":"https://docs.github.com/rest"}
[debug] [2022-11-14T03:23:56.616Z] <<< [apiv2][status] GET https://api.github.com/repos//actions/secrets/public-key 404
[debug] [2022-11-14T03:23:56.616Z] <<< [apiv2][body] GET https://api.github.com/repos//actions/secrets/public-key {"message":"Not Found","documentation_url":"https://docs.github.com/rest"}
[debug] [2022-11-14T03:23:57.107Z] <<< [apiv2][status] GET https://api.github.com/repos//actions/secrets/public-key 404
[debug] [2022-11-14T03:23:57.107Z] <<< [apiv2][body] GET https://api.github.com/repos//actions/secrets/public-key {"message":"Not Found","documentation_url":"https://docs.github.com/rest"}
[debug] [2022-11-14T03:26:43.704Z] >>> [apiv2][query] GET https://api.github.com/repos/AureoleIT/ait-lucky-app/actions/secrets/public-key type=owner
[debug] [2022-11-14T03:26:44.124Z] <<< [apiv2][status] GET https://api.github.com/repos/AureoleIT/ait-lucky-app/actions/secrets/public-key 404
[debug] [2022-11-14T03:26:44.124Z] <<< [apiv2][body] GET https://api.github.com/repos/AureoleIT/ait-lucky-app/actions/secrets/public-key {"message":"Not Found","documentation_url":"https://docs.github.com/rest/reference/actions#get-a-repository-public-key"}
[debug] [2022-11-14T03:56:29.938Z] >>> [apiv2][query] GET https://api.github.com/repos/AureoleIT/ait-lucky-app/actions/secrets/public-key type=owner
[debug] [2022-11-14T03:56:30.078Z] >>> [apiv2][query] GET https://api.github.com/repos//actions/secrets/public-key type=owner
[debug] [2022-11-14T03:56:30.248Z] >>> [apiv2][query] GET https://api.github.com/repos//actions/secrets/public-key type=owner
[debug] [2022-11-14T03:56:30.314Z] <<< [apiv2][status] GET https://api.github.com/repos/AureoleIT/ait-lucky-app/actions/secrets/public-key 404
[debug] [2022-11-14T03:56:30.314Z] <<< [apiv2][body] GET https://api.github.com/repos/AureoleIT/ait-lucky-app/actions/secrets/public-key {"message":"Not Found","documentation_url":"https://docs.github.com/rest/reference/actions#get-a-repository-public-key"}
[debug] [2022-11-14T03:56:30.415Z] >>> [apiv2][query] GET https://api.github.com/repos/AureoleIT/ait-lucky-app/actions/secrets/public-key type=owner
[debug] [2022-11-14T03:56:30.427Z] <<< [apiv2][status] GET https://api.github.com/repos//actions/secrets/public-key 404
[debug] [2022-11-14T03:56:30.427Z] <<< [apiv2][body] GET https://api.github.com/repos//actions/secrets/public-key {"message":"Not Found","documentation_url":"https://docs.github.com/rest"}
[debug] [2022-11-14T03:56:30.599Z] >>> [apiv2][query] GET https://api.github.com/repos//actions/secrets/public-key type=owner
[debug] [2022-11-14T03:56:30.601Z] <<< [apiv2][status] GET https://api.github.com/repos//actions/secrets/public-key 404
[debug] [2022-11-14T03:56:30.601Z] <<< [apiv2][body] GET https://api.github.com/repos//actions/secrets/public-key {"message":"Not Found","documentation_url":"https://docs.github.com/rest"}
[debug] [2022-11-14T03:56:30.758Z] >>> [apiv2][query] GET https://api.github.com/repos//actions/secrets/public-key type=owner
[debug] [2022-11-14T03:56:30.783Z] <<< [apiv2][status] GET https://api.github.com/repos/AureoleIT/ait-lucky-app/actions/secrets/public-key 404
[debug] [2022-11-14T03:56:30.784Z] <<< [apiv2][body] GET https://api.github.com/repos/AureoleIT/ait-lucky-app/actions/secrets/public-key {"message":"Not Found","documentation_url":"https://docs.github.com/rest/reference/actions#get-a-repository-public-key"}
[debug] [2022-11-14T03:56:30.942Z] <<< [apiv2][status] GET https://api.github.com/repos//actions/secrets/public-key 404
[debug] [2022-11-14T03:56:30.942Z] <<< [apiv2][body] GET https://api.github.com/repos//actions/secrets/public-key {"message":"Not Found","documentation_url":"https://docs.github.com/rest"}
[debug] [2022-11-14T03:56:31.111Z] <<< [apiv2][status] GET https://api.github.com/repos//actions/secrets/public-key 404
[debug] [2022-11-14T03:56:31.111Z] <<< [apiv2][body] GET https://api.github.com/repos//actions/secrets/public-key {"message":"Not Found","documentation_url":"https://docs.github.com/rest"}
[debug] [2022-11-14T03:56:31.126Z] >>> [apiv2][query] GET https://api.github.com/repos/AureoleIT/ait-lucky-app/actions/secrets/public-key type=owner
[debug] [2022-11-14T03:56:31.495Z] <<< [apiv2][status] GET https://api.github.com/repos/AureoleIT/ait-lucky-app/actions/secrets/public-key 404
[debug] [2022-11-14T03:56:31.496Z] <<< [apiv2][body] GET https://api.github.com/repos/AureoleIT/ait-lucky-app/actions/secrets/public-key {"message":"Not Found","documentation_url":"https://docs.github.com/rest/reference/actions#get-a-repository-public-key"}
[debug] [2022-11-14T03:56:33.287Z] >>> [apiv2][query] GET https://api.github.com/repos/AureoleIT/ait-lucky-app/actions/secrets/public-key type=owner
[debug] [2022-11-14T03:56:33.648Z] >>> [apiv2][query] GET https://api.github.com/repos//actions/secrets/public-key type=owner
[debug] [2022-11-14T03:56:33.650Z] <<< [apiv2][status] GET https://api.github.com/repos/AureoleIT/ait-lucky-app/actions/secrets/public-key 404
[debug] [2022-11-14T03:56:33.650Z] <<< [apiv2][body] GET https://api.github.com/repos/AureoleIT/ait-lucky-app/actions/secrets/public-key {"message":"Not Found","documentation_url":"https://docs.github.com/rest/reference/actions#get-a-repository-public-key"}
[debug] [2022-11-14T03:56:33.855Z] >>> [apiv2][query] GET https://api.github.com/repos/AureoleIT/ait-lucky-app/actions/secrets/public-key type=owner
[debug] [2022-11-14T03:56:33.993Z] <<< [apiv2][status] GET https://api.github.com/repos//actions/secrets/public-key 404
[debug] [2022-11-14T03:56:33.993Z] <<< [apiv2][body] GET https://api.github.com/repos//actions/secrets/public-key {"message":"Not Found","documentation_url":"https://docs.github.com/rest"}
[debug] [2022-11-14T03:56:34.127Z] >>> [apiv2][query] GET https://api.github.com/repos//actions/secrets/public-key type=owner
[debug] [2022-11-14T03:56:34.227Z] <<< [apiv2][status] GET https://api.github.com/repos/AureoleIT/ait-lucky-app/actions/secrets/public-key 404
[debug] [2022-11-14T03:56:34.228Z] <<< [apiv2][body] GET https://api.github.com/repos/AureoleIT/ait-lucky-app/actions/secrets/public-key {"message":"Not Found","documentation_url":"https://docs.github.com/rest/reference/actions#get-a-repository-public-key"}
[debug] [2022-11-14T03:56:34.350Z] >>> [apiv2][query] GET https://api.github.com/repos/AureoleIT/ait-lucky-app/actions/secrets/public-key type=owner
[debug] [2022-11-14T03:56:34.482Z] <<< [apiv2][status] GET https://api.github.com/repos//actions/secrets/public-key 404
[debug] [2022-11-14T03:56:34.482Z] <<< [apiv2][body] GET https://api.github.com/repos//actions/secrets/public-key {"message":"Not Found","documentation_url":"https://docs.github.com/rest"}
[debug] [2022-11-14T03:56:34.575Z] >>> [apiv2][query] GET https://api.github.com/repos//actions/secrets/public-key type=owner
[debug] [2022-11-14T03:56:34.720Z] <<< [apiv2][status] GET https://api.github.com/repos/AureoleIT/ait-lucky-app/actions/secrets/public-key 404
[debug] [2022-11-14T03:56:34.720Z] <<< [apiv2][body] GET https://api.github.com/repos/AureoleIT/ait-lucky-app/actions/secrets/public-key {"message":"Not Found","documentation_url":"https://docs.github.com/rest/reference/actions#get-a-repository-public-key"}
[debug] [2022-11-14T03:56:34.920Z] <<< [apiv2][status] GET https://api.github.com/repos//actions/secrets/public-key 404
[debug] [2022-11-14T03:56:34.920Z] <<< [apiv2][body] GET https://api.github.com/repos//actions/secrets/public-key {"message":"Not Found","documentation_url":"https://docs.github.com/rest"}
[debug] [2022-11-14T04:03:31.050Z] >>> [apiv2][query] GET https://api.github.com/repos/AureoleIT/ait-lucky-app/actions/secrets/public-key type=owner
[debug] [2022-11-14T04:03:31.466Z] >>> [apiv2][query] GET https://api.github.com/repos//actions/secrets/public-key type=owner
[debug] [2022-11-14T04:03:31.467Z] <<< [apiv2][status] GET https://api.github.com/repos/AureoleIT/ait-lucky-app/actions/secrets/public-key 404
[debug] [2022-11-14T04:03:31.467Z] <<< [apiv2][body] GET https://api.github.com/repos/AureoleIT/ait-lucky-app/actions/secrets/public-key {"message":"Not Found","documentation_url":"https://docs.github.com/rest/reference/actions#get-a-repository-public-key"}
[debug] [2022-11-14T04:03:31.625Z] >>> [apiv2][query] GET https://api.github.com/repos/AureoleIT/ait-lucky-app/actions/secrets/public-key type=owner
[debug] [2022-11-14T04:03:31.794Z] >>> [apiv2][query] GET https://api.github.com/repos//actions/secrets/public-key type=owner
[debug] [2022-11-14T04:03:31.821Z] <<< [apiv2][status] GET https://api.github.com/repos//actions/secrets/public-key 404
[debug] [2022-11-14T04:03:31.821Z] <<< [apiv2][body] GET https://api.github.com/repos//actions/secrets/public-key {"message":"Not Found","documentation_url":"https://docs.github.com/rest"}
[debug] [2022-11-14T04:03:31.937Z] >>> [apiv2][query] GET https://api.github.com/repos//actions/secrets/public-key type=owner
[debug] [2022-11-14T04:03:31.991Z] <<< [apiv2][status] GET https://api.github.com/repos/AureoleIT/ait-lucky-app/actions/secrets/public-key 404
[debug] [2022-11-14T04:03:31.992Z] <<< [apiv2][body] GET https://api.github.com/repos/AureoleIT/ait-lucky-app/actions/secrets/public-key {"message":"Not Found","documentation_url":"https://docs.github.com/rest/reference/actions#get-a-repository-public-key"}
[debug] [2022-11-14T04:03:32.089Z] >>> [apiv2][query] GET https://api.github.com/repos/AureoleIT/ait-lucky-app/actions/secrets/public-key type=owner
[debug] [2022-11-14T04:03:32.142Z] <<< [apiv2][status] GET https://api.github.com/repos//actions/secrets/public-key 404
[debug] [2022-11-14T04:03:32.143Z] <<< [apiv2][body] GET https://api.github.com/repos//actions/secrets/public-key {"message":"Not Found","documentation_url":"https://docs.github.com/rest"}
[debug] [2022-11-14T04:03:32.225Z] >>> [apiv2][query] GET https://api.github.com/repos//actions/secrets/public-key type=owner
[debug] [2022-11-14T04:03:32.288Z] <<< [apiv2][status] GET https://api.github.com/repos//actions/secrets/public-key 404
[debug] [2022-11-14T04:03:32.288Z] <<< [apiv2][body] GET https://api.github.com/repos//actions/secrets/public-key {"message":"Not Found","documentation_url":"https://docs.github.com/rest"}
[debug] [2022-11-14T04:03:32.417Z] >>> [apiv2][query] GET https://api.github.com/repos//actions/secrets/public-key type=owner
[debug] [2022-11-14T04:03:32.458Z] <<< [apiv2][status] GET https://api.github.com/repos/AureoleIT/ait-lucky-app/actions/secrets/public-key 404
[debug] [2022-11-14T04:03:32.458Z] <<< [apiv2][body] GET https://api.github.com/repos/AureoleIT/ait-lucky-app/actions/secrets/public-key {"message":"Not Found","documentation_url":"https://docs.github.com/rest/reference/actions#get-a-repository-public-key"}
[debug] [2022-11-14T04:03:32.573Z] <<< [apiv2][status] GET https://api.github.com/repos//actions/secrets/public-key 404
[debug] [2022-11-14T04:03:32.573Z] <<< [apiv2][body] GET https://api.github.com/repos//actions/secrets/public-key {"message":"Not Found","documentation_url":"https://docs.github.com/rest"}
[debug] [2022-11-14T04:03:32.586Z] >>> [apiv2][query] GET https://api.github.com/repos/AureoleIT/ait-lucky-app/actions/secrets/public-key type=owner
[debug] [2022-11-14T04:03:32.753Z] >>> [apiv2][query] GET https://api.github.com/repos//actions/secrets/public-key type=owner
[debug] [2022-11-14T04:03:32.772Z] <<< [apiv2][status] GET https://api.github.com/repos//actions/secrets/public-key 404
[debug] [2022-11-14T04:03:32.772Z] <<< [apiv2][body] GET https://api.github.com/repos//actions/secrets/public-key {"message":"Not Found","documentation_url":"https://docs.github.com/rest"}
[debug] [2022-11-14T04:03:32.921Z] >>> [apiv2][query] GET https://api.github.com/repos//actions/secrets/public-key type=owner
[debug] [2022-11-14T04:03:32.952Z] <<< [apiv2][status] GET https://api.github.com/repos/AureoleIT/ait-lucky-app/actions/secrets/public-key 404
[debug] [2022-11-14T04:03:32.953Z] <<< [apiv2][body] GET https://api.github.com/repos/AureoleIT/ait-lucky-app/actions/secrets/public-key {"message":"Not Found","documentation_url":"https://docs.github.com/rest/reference/actions#get-a-repository-public-key"}
[debug] [2022-11-14T04:03:33.049Z] >>> [apiv2][query] GET https://api.github.com/repos/AureoleIT/ait-lucky-app/actions/secrets/public-key type=owner
[debug] [2022-11-14T04:03:33.116Z] <<< [apiv2][status] GET https://api.github.com/repos//actions/secrets/public-key 404
[debug] [2022-11-14T04:03:33.116Z] <<< [apiv2][body] GET https://api.github.com/repos//actions/secrets/public-key {"message":"Not Found","documentation_url":"https://docs.github.com/rest"}
[debug] [2022-11-14T04:03:33.280Z] <<< [apiv2][status] GET https://api.github.com/repos//actions/secrets/public-key 404
[debug] [2022-11-14T04:03:33.281Z] <<< [apiv2][body] GET https://api.github.com/repos//actions/secrets/public-key {"message":"Not Found","documentation_url":"https://docs.github.com/rest"}
[debug] [2022-11-14T04:03:33.422Z] <<< [apiv2][status] GET https://api.github.com/repos/AureoleIT/ait-lucky-app/actions/secrets/public-key 404
[debug] [2022-11-14T04:03:33.422Z] <<< [apiv2][body] GET https://api.github.com/repos/AureoleIT/ait-lucky-app/actions/secrets/public-key {"message":"Not Found","documentation_url":"https://docs.github.com/rest/reference/actions#get-a-repository-public-key"}
[debug] [2022-11-14T04:03:33.557Z] >>> [apiv2][query] GET https://api.github.com/repos/AureoleIT/ait-lucky-app/actions/secrets/public-key type=owner
[debug] [2022-11-14T04:03:33.588Z] >>> [apiv2][query] GET https://api.github.com/repos//actions/secrets/public-key type=owner
[debug] [2022-11-14T04:03:33.622Z] >>> [apiv2][query] GET https://api.github.com/repos//actions/secrets/public-key type=owner
[debug] [2022-11-14T04:03:33.651Z] >>> [apiv2][query] GET https://api.github.com/repos//actions/secrets/public-key type=owner
[debug] [2022-11-14T04:03:33.682Z] >>> [apiv2][query] GET https://api.github.com/repos//actions/secrets/public-key type=owner
[debug] [2022-11-14T04:03:33.727Z] >>> [apiv2][query] GET https://api.github.com/repos//actions/secrets/public-key type=owner
[debug] [2022-11-14T04:03:33.756Z] >>> [apiv2][query] GET https://api.github.com/repos//actions/secrets/public-key type=owner
[debug] [2022-11-14T04:03:33.788Z] >>> [apiv2][query] GET https://api.github.com/repos//actions/secrets/public-key type=owner
[debug] [2022-11-14T04:03:33.819Z] >>> [apiv2][query] GET https://api.github.com/repos//actions/secrets/public-key type=owner
[debug] [2022-11-14T04:03:33.849Z] >>> [apiv2][query] GET https://api.github.com/repos//actions/secrets/public-key type=owner
[debug] [2022-11-14T04:03:33.881Z] >>> [apiv2][query] GET https://api.github.com/repos//actions/secrets/public-key type=owner
[debug] [2022-11-14T04:03:33.925Z] >>> [apiv2][query] GET https://api.github.com/repos//actions/secrets/public-key type=owner
[debug] [2022-11-14T04:03:33.943Z] <<< [apiv2][status] GET https://api.github.com/repos/AureoleIT/ait-lucky-app/actions/secrets/public-key 404
[debug] [2022-11-14T04:03:33.943Z] <<< [apiv2][body] GET https://api.github.com/repos/AureoleIT/ait-lucky-app/actions/secrets/public-key {"message":"Not Found","documentation_url":"https://docs.github.com/rest/reference/actions#get-a-repository-public-key"}
[debug] [2022-11-14T04:03:33.944Z] <<< [apiv2][status] GET https://api.github.com/repos//actions/secrets/public-key 404
[debug] [2022-11-14T04:03:33.944Z] <<< [apiv2][body] GET https://api.github.com/repos//actions/secrets/public-key {"message":"Not Found","documentation_url":"https://docs.github.com/rest"}
[debug] [2022-11-14T04:03:33.957Z] >>> [apiv2][query] GET https://api.github.com/repos/AureoleIT/ait-lucky-app/actions/secrets/public-key type=owner
[debug] [2022-11-14T04:03:33.972Z] <<< [apiv2][status] GET https://api.github.com/repos//actions/secrets/public-key 404
[debug] [2022-11-14T04:03:33.972Z] <<< [apiv2][body] GET https://api.github.com/repos//actions/secrets/public-key {"message":"Not Found","documentation_url":"https://docs.github.com/rest"}
[debug] [2022-11-14T04:03:33.989Z] >>> [apiv2][query] GET https://api.github.com/repos//actions/secrets/public-key type=owner
[debug] [2022-11-14T04:03:34.001Z] <<< [apiv2][status] GET https://api.github.com/repos//actions/secrets/public-key 404
[debug] [2022-11-14T04:03:34.002Z] <<< [apiv2][body] GET https://api.github.com/repos//actions/secrets/public-key {"message":"Not Found","documentation_url":"https://docs.github.com/rest"}
[debug] [2022-11-14T04:03:34.021Z] >>> [apiv2][query] GET https://api.github.com/repos//actions/secrets/public-key type=owner
[debug] [2022-11-14T04:03:34.032Z] <<< [apiv2][status] GET https://api.github.com/repos//actions/secrets/public-key 404
[debug] [2022-11-14T04:03:34.032Z] <<< [apiv2][body] GET https://api.github.com/repos//actions/secrets/public-key {"message":"Not Found","documentation_url":"https://docs.github.com/rest"}
[debug] [2022-11-14T04:03:34.052Z] >>> [apiv2][query] GET https://api.github.com/repos//actions/secrets/public-key type=owner
[debug] [2022-11-14T04:03:34.084Z] <<< [apiv2][status] GET https://api.github.com/repos//actions/secrets/public-key 404
[debug] [2022-11-14T04:03:34.084Z] <<< [apiv2][body] GET https://api.github.com/repos//actions/secrets/public-key {"message":"Not Found","documentation_url":"https://docs.github.com/rest"}
[debug] [2022-11-14T04:03:34.089Z] >>> [apiv2][query] GET https://api.github.com/repos//actions/secrets/public-key type=owner
[debug] [2022-11-14T04:03:34.110Z] <<< [apiv2][status] GET https://api.github.com/repos//actions/secrets/public-key 404
[debug] [2022-11-14T04:03:34.110Z] <<< [apiv2][body] GET https://api.github.com/repos//actions/secrets/public-key {"message":"Not Found","documentation_url":"https://docs.github.com/rest"}
[debug] [2022-11-14T04:03:34.119Z] >>> [apiv2][query] GET https://api.github.com/repos//actions/secrets/public-key type=owner
[debug] [2022-11-14T04:03:34.137Z] <<< [apiv2][status] GET https://api.github.com/repos//actions/secrets/public-key 404
[debug] [2022-11-14T04:03:34.137Z] <<< [apiv2][body] GET https://api.github.com/repos//actions/secrets/public-key {"message":"Not Found","documentation_url":"https://docs.github.com/rest"}
[debug] [2022-11-14T04:03:34.147Z] >>> [apiv2][query] GET https://api.github.com/repos//actions/secrets/public-key type=owner
[debug] [2022-11-14T04:03:34.176Z] >>> [apiv2][query] GET https://api.github.com/repos//actions/secrets/public-key type=owner
[debug] [2022-11-14T04:03:34.179Z] <<< [apiv2][status] GET https://api.github.com/repos//actions/secrets/public-key 404
[debug] [2022-11-14T04:03:34.179Z] <<< [apiv2][body] GET https://api.github.com/repos//actions/secrets/public-key {"message":"Not Found","documentation_url":"https://docs.github.com/rest"}
[debug] [2022-11-14T04:03:34.207Z] <<< [apiv2][status] GET https://api.github.com/repos//actions/secrets/public-key 404
[debug] [2022-11-14T04:03:34.207Z] <<< [apiv2][body] GET https://api.github.com/repos//actions/secrets/public-key {"message":"Not Found","documentation_url":"https://docs.github.com/rest"}
[debug] [2022-11-14T04:03:34.224Z] >>> [apiv2][query] GET https://api.github.com/repos//actions/secrets/public-key type=owner
[debug] [2022-11-14T04:03:34.225Z] <<< [apiv2][status] GET https://api.github.com/repos//actions/secrets/public-key 404
[debug] [2022-11-14T04:03:34.226Z] <<< [apiv2][body] GET https://api.github.com/repos//actions/secrets/public-key {"message":"Not Found","documentation_url":"https://docs.github.com/rest"}
[debug] [2022-11-14T04:03:34.256Z] >>> [apiv2][query] GET https://api.github.com/repos//actions/secrets/public-key type=owner
[debug] [2022-11-14T04:03:34.291Z] >>> [apiv2][query] GET https://api.github.com/repos//actions/secrets/public-key type=owner
[debug] [2022-11-14T04:03:34.295Z] <<< [apiv2][status] GET https://api.github.com/repos//actions/secrets/public-key 404
[debug] [2022-11-14T04:03:34.296Z] <<< [apiv2][body] GET https://api.github.com/repos//actions/secrets/public-key {"message":"Not Found","documentation_url":"https://docs.github.com/rest"}
[debug] [2022-11-14T04:03:34.321Z] >>> [apiv2][query] GET https://api.github.com/repos//actions/secrets/public-key type=owner
[debug] [2022-11-14T04:03:34.334Z] <<< [apiv2][status] GET https://api.github.com/repos/AureoleIT/ait-lucky-app/actions/secrets/public-key 404
[debug] [2022-11-14T04:03:34.334Z] <<< [apiv2][body] GET https://api.github.com/repos/AureoleIT/ait-lucky-app/actions/secrets/public-key {"message":"Not Found","documentation_url":"https://docs.github.com/rest/reference/actions#get-a-repository-public-key"}
[debug] [2022-11-14T04:03:34.337Z] <<< [apiv2][status] GET https://api.github.com/repos//actions/secrets/public-key 404
[debug] [2022-11-14T04:03:34.337Z] <<< [apiv2][body] GET https://api.github.com/repos//actions/secrets/public-key {"message":"Not Found","documentation_url":"https://docs.github.com/rest"}
[debug] [2022-11-14T04:03:34.354Z] >>> [apiv2][query] GET https://api.github.com/repos/AureoleIT/ait-lucky-app/actions/secrets/public-key type=owner
[debug] [2022-11-14T04:03:34.372Z] <<< [apiv2][status] GET https://api.github.com/repos//actions/secrets/public-key 404
[debug] [2022-11-14T04:03:34.372Z] <<< [apiv2][body] GET https://api.github.com/repos//actions/secrets/public-key {"message":"Not Found","documentation_url":"https://docs.github.com/rest"}
[debug] [2022-11-14T04:03:34.383Z] >>> [apiv2][query] GET https://api.github.com/repos//actions/secrets/public-key type=owner
[debug] [2022-11-14T04:03:34.401Z] <<< [apiv2][status] GET https://api.github.com/repos//actions/secrets/public-key 404
[debug] [2022-11-14T04:03:34.401Z] <<< [apiv2][body] GET https://api.github.com/repos//actions/secrets/public-key {"message":"Not Found","documentation_url":"https://docs.github.com/rest"}
[debug] [2022-11-14T04:03:34.414Z] >>> [apiv2][query] GET https://api.github.com/repos//actions/secrets/public-key type=owner
[debug] [2022-11-14T04:03:34.436Z] <<< [apiv2][status] GET https://api.github.com/repos//actions/secrets/public-key 404
[debug] [2022-11-14T04:03:34.436Z] <<< [apiv2][body] GET https://api.github.com/repos//actions/secrets/public-key {"message":"Not Found","documentation_url":"https://docs.github.com/rest"}
[debug] [2022-11-14T04:03:34.442Z] >>> [apiv2][query] GET https://api.github.com/repos//actions/secrets/public-key type=owner
[debug] [2022-11-14T04:03:34.475Z] >>> [apiv2][query] GET https://api.github.com/repos//actions/secrets/public-key type=owner
[debug] [2022-11-14T04:03:34.478Z] <<< [apiv2][status] GET https://api.github.com/repos//actions/secrets/public-key 404
[debug] [2022-11-14T04:03:34.478Z] <<< [apiv2][body] GET https://api.github.com/repos//actions/secrets/public-key {"message":"Not Found","documentation_url":"https://docs.github.com/rest"}
[debug] [2022-11-14T04:03:34.507Z] >>> [apiv2][query] GET https://api.github.com/repos//actions/secrets/public-key type=owner
[debug] [2022-11-14T04:03:34.520Z] <<< [apiv2][status] GET https://api.github.com/repos//actions/secrets/public-key 404
[debug] [2022-11-14T04:03:34.520Z] <<< [apiv2][body] GET https://api.github.com/repos//actions/secrets/public-key {"message":"Not Found","documentation_url":"https://docs.github.com/rest"}
[debug] [2022-11-14T04:03:34.536Z] <<< [apiv2][status] GET https://api.github.com/repos//actions/secrets/public-key 404
[debug] [2022-11-14T04:03:34.536Z] <<< [apiv2][body] GET https://api.github.com/repos//actions/secrets/public-key {"message":"Not Found","documentation_url":"https://docs.github.com/rest"}
[debug] [2022-11-14T04:03:34.604Z] <<< [apiv2][status] GET https://api.github.com/repos//actions/secrets/public-key 404
[debug] [2022-11-14T04:03:34.604Z] <<< [apiv2][body] GET https://api.github.com/repos//actions/secrets/public-key {"message":"Not Found","documentation_url":"https://docs.github.com/rest"}
[debug] [2022-11-14T04:03:34.611Z] <<< [apiv2][status] GET https://api.github.com/repos//actions/secrets/public-key 404
[debug] [2022-11-14T04:03:34.611Z] <<< [apiv2][body] GET https://api.github.com/repos//actions/secrets/public-key {"message":"Not Found","documentation_url":"https://docs.github.com/rest"}
[debug] [2022-11-14T04:03:34.653Z] <<< [apiv2][status] GET https://api.github.com/repos//actions/secrets/public-key 404
[debug] [2022-11-14T04:03:34.653Z] <<< [apiv2][body] GET https://api.github.com/repos//actions/secrets/public-key {"message":"Not Found","documentation_url":"https://docs.github.com/rest"}
[debug] [2022-11-14T04:03:34.680Z] <<< [apiv2][status] GET https://api.github.com/repos//actions/secrets/public-key 404
[debug] [2022-11-14T04:03:34.681Z] <<< [apiv2][body] GET https://api.github.com/repos//actions/secrets/public-key {"message":"Not Found","documentation_url":"https://docs.github.com/rest"}
[debug] [2022-11-14T04:03:34.728Z] <<< [apiv2][status] GET https://api.github.com/repos/AureoleIT/ait-lucky-app/actions/secrets/public-key 404
[debug] [2022-11-14T04:03:34.729Z] <<< [apiv2][body] GET https://api.github.com/repos/AureoleIT/ait-lucky-app/actions/secrets/public-key {"message":"Not Found","documentation_url":"https://docs.github.com/rest/reference/actions#get-a-repository-public-key"}
[debug] [2022-11-14T04:03:34.738Z] <<< [apiv2][status] GET https://api.github.com/repos//actions/secrets/public-key 404
[debug] [2022-11-14T04:03:34.739Z] <<< [apiv2][body] GET https://api.github.com/repos//actions/secrets/public-key {"message":"Not Found","documentation_url":"https://docs.github.com/rest"}
[debug] [2022-11-14T04:03:34.764Z] <<< [apiv2][status] GET https://api.github.com/repos//actions/secrets/public-key 404
[debug] [2022-11-14T04:03:34.764Z] <<< [apiv2][body] GET https://api.github.com/repos//actions/secrets/public-key {"message":"Not Found","documentation_url":"https://docs.github.com/rest"}
[debug] [2022-11-14T04:03:34.798Z] <<< [apiv2][status] GET https://api.github.com/repos//actions/secrets/public-key 404
[debug] [2022-11-14T04:03:34.798Z] <<< [apiv2][body] GET https://api.github.com/repos//actions/secrets/public-key {"message":"Not Found","documentation_url":"https://docs.github.com/rest"}
[debug] [2022-11-14T04:03:34.823Z] <<< [apiv2][status] GET https://api.github.com/repos//actions/secrets/public-key 404
[debug] [2022-11-14T04:03:34.824Z] <<< [apiv2][body] GET https://api.github.com/repos//actions/secrets/public-key {"message":"Not Found","documentation_url":"https://docs.github.com/rest"}
[debug] [2022-11-14T04:03:34.874Z] <<< [apiv2][status] GET https://api.github.com/repos//actions/secrets/public-key 404
[debug] [2022-11-14T04:03:34.874Z] <<< [apiv2][body] GET https://api.github.com/repos//actions/secrets/public-key {"message":"Not Found","documentation_url":"https://docs.github.com/rest"}
[debug] [2022-11-14T04:04:27.776Z] ----------------------------------------------------------------------
[debug] [2022-11-14T04:04:27.778Z] Command:       C:\Program Files\nodejs\node.exe C:\Program Files\nodejs\node_modules\firebase-tools\lib\bin\firebase.js init
[debug] [2022-11-14T04:04:27.779Z] CLI Version:   11.16.0
[debug] [2022-11-14T04:04:27.779Z] Platform:      win32
[debug] [2022-11-14T04:04:27.779Z] Node Version:  v16.15.1
[debug] [2022-11-14T04:04:27.783Z] Time:          Mon Nov 14 2022 11:04:27 GMT+0700 (Indochina Time)
[debug] [2022-11-14T04:04:27.783Z] ----------------------------------------------------------------------
[debug] 
[debug] [2022-11-14T04:04:27.798Z] > command requires scopes: ["email","openid","https://www.googleapis.com/auth/cloudplatformprojects.readonly","https://www.googleapis.com/auth/firebase","https://www.googleapis.com/auth/cloud-platform"]
[debug] [2022-11-14T04:04:27.798Z] > authorizing via signed-in user (nguyenanhtuan1232@gmail.com)
[info] 
     ######## #### ########  ######## ########     ###     ######  ########
     ##        ##  ##     ## ##       ##     ##  ##   ##  ##       ##
     ######    ##  ########  ######   ########  #########  ######  ######
     ##        ##  ##    ##  ##       ##     ## ##     ##       ## ##
     ##       #### ##     ## ######## ########  ##     ##  ######  ########

You're about to initialize a Firebase project in this directory:

  C:\Users\tuanna01\Documents\project\ait-lucky-app

[info] 
=== Project Setup
[info] 
[info] First, let's associate this project directory with a Firebase project.
[info] You can create multiple project aliases by running firebase use --add, 
[info] but for now we'll just set up a default project.
[info] 
[debug] [2022-11-14T04:04:38.126Z] > refreshing access token with scopes: []
[debug] [2022-11-14T04:04:38.128Z] >>> [apiv2][query] POST https://www.googleapis.com/oauth2/v3/token [none]
[debug] [2022-11-14T04:04:38.128Z] >>> [apiv2][body] POST https://www.googleapis.com/oauth2/v3/token [omitted]
[debug] [2022-11-14T04:04:39.028Z] <<< [apiv2][status] POST https://www.googleapis.com/oauth2/v3/token 200
[debug] [2022-11-14T04:04:39.028Z] <<< [apiv2][body] POST https://www.googleapis.com/oauth2/v3/token [omitted]
[debug] [2022-11-14T04:04:39.063Z] >>> [apiv2][query] GET https://firebase.googleapis.com/v1beta1/availableProjects pageSize=100
[debug] [2022-11-14T04:04:39.993Z] <<< [apiv2][status] GET https://firebase.googleapis.com/v1beta1/availableProjects 200
[debug] [2022-11-14T04:04:39.994Z] <<< [apiv2][body] GET https://firebase.googleapis.com/v1beta1/availableProjects [omitted]
[debug] [2022-11-14T04:04:41.236Z] >>> [apiv2][query] POST https://firebase.googleapis.com/v1beta1/projects/ait-lucky-app-368603:addFirebase [none]
[debug] [2022-11-14T04:04:43.390Z] <<< [apiv2][status] POST https://firebase.googleapis.com/v1beta1/projects/ait-lucky-app-368603:addFirebase 200
[debug] [2022-11-14T04:04:43.390Z] <<< [apiv2][body] POST https://firebase.googleapis.com/v1beta1/projects/ait-lucky-app-368603:addFirebase {"name":"operations/workflows/NDdkYzVkNTktMmEzYi00NzM5LTg4ODAtYjRhYzUxNjk1ZDU3"}
[debug] [2022-11-14T04:04:43.393Z] >>> [apiv2][query] GET https://firebase.googleapis.com/v1beta1/operations/workflows/NDdkYzVkNTktMmEzYi00NzM5LTg4ODAtYjRhYzUxNjk1ZDU3 [none]
[debug] [2022-11-14T04:04:43.961Z] <<< [apiv2][status] GET https://firebase.googleapis.com/v1beta1/operations/workflows/NDdkYzVkNTktMmEzYi00NzM5LTg4ODAtYjRhYzUxNjk1ZDU3 200
[debug] [2022-11-14T04:04:43.962Z] <<< [apiv2][body] GET https://firebase.googleapis.com/v1beta1/operations/workflows/NDdkYzVkNTktMmEzYi00NzM5LTg4ODAtYjRhYzUxNjk1ZDU3 {"name":"operations/workflows/NDdkYzVkNTktMmEzYi00NzM5LTg4ODAtYjRhYzUxNjk1ZDU3"}
[debug] [2022-11-14T04:04:44.486Z] [Add Firebase Poller] Retrying task index 0
[debug] [2022-11-14T04:04:44.486Z] >>> [apiv2][query] GET https://firebase.googleapis.com/v1beta1/operations/workflows/NDdkYzVkNTktMmEzYi00NzM5LTg4ODAtYjRhYzUxNjk1ZDU3 [none]
[debug] [2022-11-14T04:04:45.193Z] <<< [apiv2][status] GET https://firebase.googleapis.com/v1beta1/operations/workflows/NDdkYzVkNTktMmEzYi00NzM5LTg4ODAtYjRhYzUxNjk1ZDU3 200
[debug] [2022-11-14T04:04:45.193Z] <<< [apiv2][body] GET https://firebase.googleapis.com/v1beta1/operations/workflows/NDdkYzVkNTktMmEzYi00NzM5LTg4ODAtYjRhYzUxNjk1ZDU3 {"name":"operations/workflows/NDdkYzVkNTktMmEzYi00NzM5LTg4ODAtYjRhYzUxNjk1ZDU3"}
[debug] [2022-11-14T04:04:46.197Z] [Add Firebase Poller] Retrying task index 0
[debug] [2022-11-14T04:04:46.198Z] >>> [apiv2][query] GET https://firebase.googleapis.com/v1beta1/operations/workflows/NDdkYzVkNTktMmEzYi00NzM5LTg4ODAtYjRhYzUxNjk1ZDU3 [none]
[debug] [2022-11-14T04:04:46.864Z] <<< [apiv2][status] GET https://firebase.googleapis.com/v1beta1/operations/workflows/NDdkYzVkNTktMmEzYi00NzM5LTg4ODAtYjRhYzUxNjk1ZDU3 200
[debug] [2022-11-14T04:04:46.864Z] <<< [apiv2][body] GET https://firebase.googleapis.com/v1beta1/operations/workflows/NDdkYzVkNTktMmEzYi00NzM5LTg4ODAtYjRhYzUxNjk1ZDU3 {"name":"operations/workflows/NDdkYzVkNTktMmEzYi00NzM5LTg4ODAtYjRhYzUxNjk1ZDU3"}
[debug] [2022-11-14T04:04:48.868Z] [Add Firebase Poller] Retrying task index 0
[debug] [2022-11-14T04:04:48.870Z] >>> [apiv2][query] GET https://firebase.googleapis.com/v1beta1/operations/workflows/NDdkYzVkNTktMmEzYi00NzM5LTg4ODAtYjRhYzUxNjk1ZDU3 [none]
[debug] [2022-11-14T04:04:49.535Z] <<< [apiv2][status] GET https://firebase.googleapis.com/v1beta1/operations/workflows/NDdkYzVkNTktMmEzYi00NzM5LTg4ODAtYjRhYzUxNjk1ZDU3 200
[debug] [2022-11-14T04:04:49.536Z] <<< [apiv2][body] GET https://firebase.googleapis.com/v1beta1/operations/workflows/NDdkYzVkNTktMmEzYi00NzM5LTg4ODAtYjRhYzUxNjk1ZDU3 {"name":"operations/workflows/NDdkYzVkNTktMmEzYi00NzM5LTg4ODAtYjRhYzUxNjk1ZDU3"}
[debug] [2022-11-14T04:04:53.547Z] [Add Firebase Poller] Retrying task index 0
[debug] [2022-11-14T04:04:53.548Z] >>> [apiv2][query] GET https://firebase.googleapis.com/v1beta1/operations/workflows/NDdkYzVkNTktMmEzYi00NzM5LTg4ODAtYjRhYzUxNjk1ZDU3 [none]
[debug] [2022-11-14T04:04:54.427Z] <<< [apiv2][status] GET https://firebase.googleapis.com/v1beta1/operations/workflows/NDdkYzVkNTktMmEzYi00NzM5LTg4ODAtYjRhYzUxNjk1ZDU3 200
[debug] [2022-11-14T04:04:54.427Z] <<< [apiv2][body] GET https://firebase.googleapis.com/v1beta1/operations/workflows/NDdkYzVkNTktMmEzYi00NzM5LTg4ODAtYjRhYzUxNjk1ZDU3 {"name":"operations/workflows/NDdkYzVkNTktMmEzYi00NzM5LTg4ODAtYjRhYzUxNjk1ZDU3","done":true,"response":{"@type":"type.googleapis.com/google.firebase.service.v1beta1.FirebaseProject","projectId":"ait-lucky-app-368603","projectNumber":"876645345864","displayName":"ait-lucky-app","name":"projects/ait-lucky-app-368603","resources":{"hostingSite":"ait-lucky-app-368603"}}}
[info] 
[info] === Your Firebase project is ready! ===
[info] 
[info] Project information:
[info]    - Project ID: ait-lucky-app-368603
[info]    - Project Name: ait-lucky-app
[info] 
[info] Firebase console is available at
[info] https://console.firebase.google.com/project/ait-lucky-app-368603/overview
[info] i  Using project ait-lucky-app-368603 (ait-lucky-app) 
[info] 
=== Hosting Setup
[info] 
[info] Your public directory is the folder (relative to your project directory) that
[info] will contain Hosting assets to be uploaded with firebase deploy. If you
[info] have a build process for your assets, use your build's output directory.
[info] 
[debug] [2022-11-14T04:05:06.675Z] >>> [apiv2][query] GET https://www.gstatic.com/firebasejs/releases.json [none]
[debug] [2022-11-14T04:05:06.814Z] <<< [apiv2][status] GET https://www.gstatic.com/firebasejs/releases.json 200
[debug] [2022-11-14T04:05:06.814Z] <<< [apiv2][body] GET https://www.gstatic.com/firebasejs/releases.json {"current":{"version":"9.14.0","browserURL":"https://www.gstatic.com/firebasejs/9.14.0/firebase.js","packageURL":"https://www.gstatic.com/firebasejs/9.14.0/firebase.tgz"},"live":{"version":"9.14","browserURL":"https://www.gstatic.com/firebasejs/live/9.14/firebase.js","packageURL":"https://www.gstatic.com/firebasejs/live/9.14/firebase.tgz"},"components":{"analytics":"https://www.gstatic.com/firebasejs/9.14.0/firebase-analytics.js","app":"https://www.gstatic.com/firebasejs/9.14.0/firebase-app.js","app-check":"https://www.gstatic.com/firebasejs/9.14.0/firebase-app-check.js","auth":"https://www.gstatic.com/firebasejs/9.14.0/firebase-auth.js","auth/cordova":"https://www.gstatic.com/firebasejs/9.14.0/firebase-auth/cordova.js","auth/react-native":"https://www.gstatic.com/firebasejs/9.14.0/firebase-auth/react-native.js","functions":"https://www.gstatic.com/firebasejs/9.14.0/firebase-functions.js","firestore":"https://www.gstatic.com/firebasejs/9.14.0/firebase-firestore.js","firestore/lite":"https://www.gstatic.com/firebasejs/9.14.0/firebase-firestore/lite.js","installations":"https://www.gstatic.com/firebasejs/9.14.0/firebase-installations.js","storage":"https://www.gstatic.com/firebasejs/9.14.0/firebase-storage.js","performance":"https://www.gstatic.com/firebasejs/9.14.0/firebase-performance.js","remote-config":"https://www.gstatic.com/firebasejs/9.14.0/firebase-remote-config.js","messaging":"https://www.gstatic.com/firebasejs/9.14.0/firebase-messaging.js","messaging/sw":"https://www.gstatic.com/firebasejs/9.14.0/firebase-messaging/sw.js","database":"https://www.gstatic.com/firebasejs/9.14.0/firebase-database.js","firestore.memory":"https://www.gstatic.com/firebasejs/9.14.0/firebase-firestore.memory.js"}}
[info] +  Wrote public /index.html 
[info] 
[info] i  Detected a .git folder at C:\Users\tuanna01\Documents\project\ait-lucky-app 
[info] i  Authorizing with GitHub to upload your service account to a GitHub repository's secrets store. 
[info] 
[info] Visit this URL on this device to log in:
[info] https://github.com/login/oauth/authorize?client_id=89cf50f02ac6aaed3484&state=1017551145&redirect_uri=http%3A%2F%2Flocalhost%3A9005&scope=read%3Auser%20repo%20public_repo
[info] 
[info] Waiting for authentication...
[debug] [2022-11-14T04:05:09.923Z] >>> [apiv2][query] POST https://github.com/login/oauth/access_token [none]
[debug] [2022-11-14T04:05:09.924Z] >>> [apiv2][body] POST https://github.com/login/oauth/access_token [stream]
[debug] [2022-11-14T04:05:10.371Z] <<< [apiv2][status] POST https://github.com/login/oauth/access_token 200
[debug] [2022-11-14T04:05:10.371Z] <<< [apiv2][body] POST https://github.com/login/oauth/access_token {"access_token":"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","token_type":"bearer","scope":"read:user,repo"}
[debug] [2022-11-14T04:05:10.422Z] >>> [apiv2][query] GET https://api.github.com/user [none]
[debug] [2022-11-14T04:05:10.901Z] <<< [apiv2][status] GET https://api.github.com/user 200
[debug] [2022-11-14T04:05:10.902Z] <<< [apiv2][body] GET https://api.github.com/user {"login":"ng-anhhtuann","id":77793919,"node_id":"MDQ6VXNlcjc3NzkzOTE5","avatar_url":"https://avatars.githubusercontent.com/u/77793919?v=4","gravatar_id":"","url":"https://api.github.com/users/ng-anhhtuann","html_url":"https://github.com/ng-anhhtuann","followers_url":"https://api.github.com/users/ng-anhhtuann/followers","following_url":"https://api.github.com/users/ng-anhhtuann/following{/other_user}","gists_url":"https://api.github.com/users/ng-anhhtuann/gists{/gist_id}","starred_url":"https://api.github.com/users/ng-anhhtuann/starred{/owner}{/repo}","subscriptions_url":"https://api.github.com/users/ng-anhhtuann/subscriptions","organizations_url":"https://api.github.com/users/ng-anhhtuann/orgs","repos_url":"https://api.github.com/users/ng-anhhtuann/repos","events_url":"https://api.github.com/users/ng-anhhtuann/events{/privacy}","received_events_url":"https://api.github.com/users/ng-anhhtuann/received_events","type":"User","site_admin":false,"name":"Nguyen Anh Tuan","company":"University of Science Ho Chi Minh ","blog":"www.spring.io","location":"VietNam","email":null,"hireable":null,"bio":"bio bio bio","twitter_username":"chienbinh_156","public_repos":10,"public_gists":0,"followers":3,"following":5,"created_at":"2021-01-21T15:08:55Z","updated_at":"2022-11-13T07:25:54Z","private_gists":0,"total_private_repos":2,"owned_private_repos":2,"disk_usage":24484,"collaborators":0,"two_factor_authentication":true,"plan":{"name":"free","space":976562499,"collaborators":0,"private_repos":10000}}
[info] 
[info] +  Success! Logged into GitHub as ng-anhhtuann 
[info] 
[debug] [2022-11-14T04:05:23.338Z] >>> [apiv2][query] GET https://api.github.com/repos/AureoleIT/ait-lucky-app/actions/secrets/public-key type=owner
[debug] [2022-11-14T04:05:23.721Z] <<< [apiv2][status] GET https://api.github.com/repos/AureoleIT/ait-lucky-app/actions/secrets/public-key 404
[debug] [2022-11-14T04:05:23.721Z] <<< [apiv2][body] GET https://api.github.com/repos/AureoleIT/ait-lucky-app/actions/secrets/public-key {"message":"Not Found","documentation_url":"https://docs.github.com/rest/reference/actions#get-a-repository-public-key"}
[debug] [2022-11-14T04:05:24.123Z] >>> [apiv2][query] GET https://api.github.com/repos/AureoleIT/ait-lucky-app/actions/secrets/public-key type=owner
[debug] [2022-11-14T04:05:24.283Z] >>> [apiv2][query] GET https://api.github.com/repos//actions/secrets/public-key type=owner
[debug] [2022-11-14T04:05:24.451Z] >>> [apiv2][query] GET https://api.github.com/repos//actions/secrets/public-key type=owner
[debug] [2022-11-14T04:05:24.488Z] <<< [apiv2][status] GET https://api.github.com/repos/AureoleIT/ait-lucky-app/actions/secrets/public-key 404
[debug] [2022-11-14T04:05:24.488Z] <<< [apiv2][body] GET https://api.github.com/repos/AureoleIT/ait-lucky-app/actions/secrets/public-key {"message":"Not Found","documentation_url":"https://docs.github.com/rest/reference/actions#get-a-repository-public-key"}
[debug] [2022-11-14T04:05:24.610Z] >>> [apiv2][query] GET https://api.github.com/repos/AureoleIT/ait-lucky-app/actions/secrets/public-key type=owner
[debug] [2022-11-14T04:05:24.640Z] <<< [apiv2][status] GET https://api.github.com/repos//actions/secrets/public-key 404
[debug] [2022-11-14T04:05:24.640Z] <<< [apiv2][body] GET https://api.github.com/repos//actions/secrets/public-key {"message":"Not Found","documentation_url":"https://docs.github.com/rest"}
[debug] [2022-11-14T04:05:24.762Z] >>> [apiv2][query] GET https://api.github.com/repos//actions/secrets/public-key type=owner
[debug] [2022-11-14T04:05:24.818Z] <<< [apiv2][status] GET https://api.github.com/repos//actions/secrets/public-key 404
[debug] [2022-11-14T04:05:24.818Z] <<< [apiv2][body] GET https://api.github.com/repos//actions/secrets/public-key {"message":"Not Found","documentation_url":"https://docs.github.com/rest"}
[debug] [2022-11-14T04:05:24.914Z] >>> [apiv2][query] GET https://api.github.com/repos//actions/secrets/public-key type=owner
[debug] [2022-11-14T04:05:24.998Z] <<< [apiv2][status] GET https://api.github.com/repos/AureoleIT/ait-lucky-app/actions/secrets/public-key 404
[debug] [2022-11-14T04:05:24.998Z] <<< [apiv2][body] GET https://api.github.com/repos/AureoleIT/ait-lucky-app/actions/secrets/public-key {"message":"Not Found","documentation_url":"https://docs.github.com/rest/reference/actions#get-a-repository-public-key"}
[debug] [2022-11-14T04:05:25.050Z] >>> [apiv2][query] GET https://api.github.com/repos/AureoleIT/ait-lucky-app/actions/secrets/public-key type=owner
[debug] [2022-11-14T04:05:25.109Z] <<< [apiv2][status] GET https://api.github.com/repos//actions/secrets/public-key 404
[debug] [2022-11-14T04:05:25.109Z] <<< [apiv2][body] GET https://api.github.com/repos//actions/secrets/public-key {"message":"Not Found","documentation_url":"https://docs.github.com/rest"}
[debug] [2022-11-14T04:05:25.261Z] <<< [apiv2][status] GET https://api.github.com/repos//actions/secrets/public-key 404
[debug] [2022-11-14T04:05:25.261Z] <<< [apiv2][body] GET https://api.github.com/repos//actions/secrets/public-key {"message":"Not Found","documentation_url":"https://docs.github.com/rest"}
[debug] [2022-11-14T04:05:25.422Z] <<< [apiv2][status] GET https://api.github.com/repos/AureoleIT/ait-lucky-app/actions/secrets/public-key 404
[debug] [2022-11-14T04:05:25.422Z] <<< [apiv2][body] GET https://api.github.com/repos/AureoleIT/ait-lucky-app/actions/secrets/public-key {"message":"Not Found","documentation_url":"https://docs.github.com/rest/reference/actions#get-a-repository-public-key"}
[debug] [2022-11-14T04:05:34.338Z] ----------------------------------------------------------------------
[debug] [2022-11-14T04:05:34.340Z] Command:       C:\Program Files\nodejs\node.exe C:\Program Files\nodejs\node_modules\firebase-tools\lib\bin\firebase.js init
[debug] [2022-11-14T04:05:34.340Z] CLI Version:   11.16.0
[debug] [2022-11-14T04:05:34.341Z] Platform:      win32
[debug] [2022-11-14T04:05:34.341Z] Node Version:  v16.15.1
[debug] [2022-11-14T04:05:34.343Z] Time:          Mon Nov 14 2022 11:05:34 GMT+0700 (Indochina Time)
[debug] [2022-11-14T04:05:34.344Z] ----------------------------------------------------------------------
[debug] 
[debug] [2022-11-14T04:05:34.354Z] > command requires scopes: ["email","openid","https://www.googleapis.com/auth/cloudplatformprojects.readonly","https://www.googleapis.com/auth/firebase","https://www.googleapis.com/auth/cloud-platform"]
[debug] [2022-11-14T04:05:34.355Z] > authorizing via signed-in user (nguyenanhtuan1232@gmail.com)
[info] 
     ######## #### ########  ######## ########     ###     ######  ########
     ##        ##  ##     ## ##       ##     ##  ##   ##  ##       ##
     ######    ##  ########  ######   ########  #########  ######  ######
     ##        ##  ##    ##  ##       ##     ## ##     ##       ## ##
     ##       #### ##     ## ######## ########  ##     ##  ######  ########

You're about to initialize a Firebase project in this directory:

  C:\Users\tuanna01\Documents\project\ait-lucky-app

[info] 
=== Project Setup
[info] 
[info] First, let's associate this project directory with a Firebase project.
[info] You can create multiple project aliases by running firebase use --add, 
[info] but for now we'll just set up a default project.
[info] 
[debug] [2022-11-14T04:05:43.184Z] >>> [apiv2][query] GET https://firebase.googleapis.com/v1beta1/projects pageSize=100
[debug] [2022-11-14T04:05:44.635Z] <<< [apiv2][status] GET https://firebase.googleapis.com/v1beta1/projects 200
[debug] [2022-11-14T04:05:44.636Z] <<< [apiv2][body] GET https://firebase.googleapis.com/v1beta1/projects [omitted]
[info] i  Using project ait-lucky-app (ait-lucky-app) 
[info] 
=== Hosting Setup
[info] 
[info] Your public directory is the folder (relative to your project directory) that
[info] will contain Hosting assets to be uploaded with firebase deploy. If you
[info] have a build process for your assets, use your build's output directory.
[info] 
[debug] [2022-11-14T04:06:12.171Z] >>> [apiv2][query] GET https://www.gstatic.com/firebasejs/releases.json [none]
[debug] [2022-11-14T04:06:12.323Z] <<< [apiv2][status] GET https://www.gstatic.com/firebasejs/releases.json 200
[debug] [2022-11-14T04:06:12.323Z] <<< [apiv2][body] GET https://www.gstatic.com/firebasejs/releases.json {"current":{"version":"9.14.0","browserURL":"https://www.gstatic.com/firebasejs/9.14.0/firebase.js","packageURL":"https://www.gstatic.com/firebasejs/9.14.0/firebase.tgz"},"live":{"version":"9.14","browserURL":"https://www.gstatic.com/firebasejs/live/9.14/firebase.js","packageURL":"https://www.gstatic.com/firebasejs/live/9.14/firebase.tgz"},"components":{"analytics":"https://www.gstatic.com/firebasejs/9.14.0/firebase-analytics.js","app":"https://www.gstatic.com/firebasejs/9.14.0/firebase-app.js","app-check":"https://www.gstatic.com/firebasejs/9.14.0/firebase-app-check.js","auth":"https://www.gstatic.com/firebasejs/9.14.0/firebase-auth.js","auth/cordova":"https://www.gstatic.com/firebasejs/9.14.0/firebase-auth/cordova.js","auth/react-native":"https://www.gstatic.com/firebasejs/9.14.0/firebase-auth/react-native.js","functions":"https://www.gstatic.com/firebasejs/9.14.0/firebase-functions.js","firestore":"https://www.gstatic.com/firebasejs/9.14.0/firebase-firestore.js","firestore/lite":"https://www.gstatic.com/firebasejs/9.14.0/firebase-firestore/lite.js","installations":"https://www.gstatic.com/firebasejs/9.14.0/firebase-installations.js","storage":"https://www.gstatic.com/firebasejs/9.14.0/firebase-storage.js","performance":"https://www.gstatic.com/firebasejs/9.14.0/firebase-performance.js","remote-config":"https://www.gstatic.com/firebasejs/9.14.0/firebase-remote-config.js","messaging":"https://www.gstatic.com/firebasejs/9.14.0/firebase-messaging.js","messaging/sw":"https://www.gstatic.com/firebasejs/9.14.0/firebase-messaging/sw.js","database":"https://www.gstatic.com/firebasejs/9.14.0/firebase-database.js","firestore.memory":"https://www.gstatic.com/firebasejs/9.14.0/firebase-firestore.memory.js"}}
[info] +  Wrote public /index.html 
[info] 
[info] i  Detected a .git folder at C:\Users\tuanna01\Documents\project\ait-lucky-app 
[info] i  Authorizing with GitHub to upload your service account to a GitHub repository's secrets store. 
[info] 
[info] Visit this URL on this device to log in:
[info] https://github.com/login/oauth/authorize?client_id=89cf50f02ac6aaed3484&state=612058178&redirect_uri=http%3A%2F%2Flocalhost%3A9005&scope=read%3Auser%20repo%20public_repo
[info] 
[info] Waiting for authentication...
[debug] [2022-11-14T04:06:14.437Z] >>> [apiv2][query] POST https://github.com/login/oauth/access_token [none]
[debug] [2022-11-14T04:06:14.438Z] >>> [apiv2][body] POST https://github.com/login/oauth/access_token [stream]
[debug] [2022-11-14T04:06:14.973Z] <<< [apiv2][status] POST https://github.com/login/oauth/access_token 200
[debug] [2022-11-14T04:06:14.974Z] <<< [apiv2][body] POST https://github.com/login/oauth/access_token {"access_token":"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","token_type":"bearer","scope":"read:user,repo"}
[debug] [2022-11-14T04:06:15.001Z] >>> [apiv2][query] GET https://api.github.com/user [none]
[debug] [2022-11-14T04:06:15.478Z] <<< [apiv2][status] GET https://api.github.com/user 200
[debug] [2022-11-14T04:06:15.478Z] <<< [apiv2][body] GET https://api.github.com/user {"login":"ng-anhhtuann","id":77793919,"node_id":"MDQ6VXNlcjc3NzkzOTE5","avatar_url":"https://avatars.githubusercontent.com/u/77793919?v=4","gravatar_id":"","url":"https://api.github.com/users/ng-anhhtuann","html_url":"https://github.com/ng-anhhtuann","followers_url":"https://api.github.com/users/ng-anhhtuann/followers","following_url":"https://api.github.com/users/ng-anhhtuann/following{/other_user}","gists_url":"https://api.github.com/users/ng-anhhtuann/gists{/gist_id}","starred_url":"https://api.github.com/users/ng-anhhtuann/starred{/owner}{/repo}","subscriptions_url":"https://api.github.com/users/ng-anhhtuann/subscriptions","organizations_url":"https://api.github.com/users/ng-anhhtuann/orgs","repos_url":"https://api.github.com/users/ng-anhhtuann/repos","events_url":"https://api.github.com/users/ng-anhhtuann/events{/privacy}","received_events_url":"https://api.github.com/users/ng-anhhtuann/received_events","type":"User","site_admin":false,"name":"Nguyen Anh Tuan","company":"University of Science Ho Chi Minh ","blog":"www.spring.io","location":"VietNam","email":null,"hireable":null,"bio":"bio bio bio","twitter_username":"chienbinh_156","public_repos":10,"public_gists":0,"followers":3,"following":5,"created_at":"2021-01-21T15:08:55Z","updated_at":"2022-11-13T07:25:54Z","private_gists":0,"total_private_repos":2,"owned_private_repos":2,"disk_usage":24484,"collaborators":0,"two_factor_authentication":true,"plan":{"name":"free","space":976562499,"collaborators":0,"private_repos":10000}}
[info] 
[info] +  Success! Logged into GitHub as ng-anhhtuann 
[info] 
[debug] [2022-11-14T04:06:37.516Z] >>> [apiv2][query] GET https://api.github.com/repos/AureoleIT/ait-lucky-app/actions/secrets/public-key type=owner
[debug] [2022-11-14T04:06:37.922Z] <<< [apiv2][status] GET https://api.github.com/repos/AureoleIT/ait-lucky-app/actions/secrets/public-key 404
[debug] [2022-11-14T04:06:37.923Z] <<< [apiv2][body] GET https://api.github.com/repos/AureoleIT/ait-lucky-app/actions/secrets/public-key {"message":"Not Found","documentation_url":"https://docs.github.com/rest/reference/actions#get-a-repository-public-key"}
[debug] [2022-11-14T04:06:38.170Z] >>> [apiv2][query] GET https://api.github.com/repos/AureoleIT/ait-lucky-app/actions/secrets/public-key type=owner
[debug] [2022-11-14T04:06:38.362Z] >>> [apiv2][query] GET https://api.github.com/repos//actions/secrets/public-key type=owner
[debug] [2022-11-14T04:06:38.505Z] >>> [apiv2][query] GET https://api.github.com/repos//actions/secrets/public-key type=owner
[debug] [2022-11-14T04:06:38.541Z] <<< [apiv2][status] GET https://api.github.com/repos/AureoleIT/ait-lucky-app/actions/secrets/public-key 404
[debug] [2022-11-14T04:06:38.541Z] <<< [apiv2][body] GET https://api.github.com/repos/AureoleIT/ait-lucky-app/actions/secrets/public-key {"message":"Not Found","documentation_url":"https://docs.github.com/rest/reference/actions#get-a-repository-public-key"}
[debug] [2022-11-14T04:06:38.708Z] <<< [apiv2][status] GET https://api.github.com/repos//actions/secrets/public-key 404
[debug] [2022-11-14T04:06:38.709Z] <<< [apiv2][body] GET https://api.github.com/repos//actions/secrets/public-key {"message":"Not Found","documentation_url":"https://docs.github.com/rest"}
[debug] [2022-11-14T04:06:38.861Z] <<< [apiv2][status] GET https://api.github.com/repos//actions/secrets/public-key 404
[debug] [2022-11-14T04:06:38.861Z] <<< [apiv2][body] GET https://api.github.com/repos//actions/secrets/public-key {"message":"Not Found","documentation_url":"https://docs.github.com/rest"}
